2021-Oct-11-10:17:48 | C:\xampp\htdocs\QB2\QBTest\interfaces\SS\MTN\ussdInterface.php|8| |---  --- Params from the network Array
(
    [msisdn] => 0
    [session] => 234234275588
    [input] => 
    [imsi] => 12312312
)

2021-Oct-11-10:17:48 | C:\xampp\htdocs\QB2\QBTest\shared\utils.php|getSessionInfo()|142| |--- 0 --- (getSessionInfo) the reponse a:5:{s:6:"status";b:1;s:9:"sessionID";s:12:"234234275588";s:5:"state";s:3:"NEW";s:3:"url";N;s:15:"sessionActivity";N;}
2021-Oct-11-10:17:48 | C:\xampp\htdocs\QB2\QBTest\navigator\ussd_navigator.php|54| |--- 0 --- NEW session
2021-Oct-11-10:17:48 | C:\xampp\htdocs\QB2\QBTest\navigator\ussd_navigator.php|66| |--- 0 --- url to code '*544#' 'http://localhost:8000/QB2/QBTest/public/index.php'
2021-Oct-11-10:17:48 | C:\xampp\htdocs\QB2\QBTest\shared\utils.php|updateSessionURL()|377| |--- 0 --- (updateSessionURL) query == update sessions set url=:url where sessionID=:sessionID and  mobileNumber=:mobileNumber limit 1
2021-Oct-11-10:17:48 | C:\xampp\htdocs\QB2\QBTest\navigator\ussd_navigator.php|88| |--- 0 --- --------------About to invoke url 'http://localhost:8000/QB2/QBTest/public/index.php' for USSD code '*544#' with params a:8:{s:12:"mobileNumber";s:1:"0";s:5:"input";s:0:"";s:5:"level";i:1;s:5:"extra";s:4:"null";s:10:"session_id";s:12:"234234275588";s:6:"opCode";s:5:"BEGIN";s:7:"network";s:0:"";s:4:"imsi";s:0:"";}
2021-Oct-11-10:17:48 | C:\xampp\htdocs\QB2\QBTest\navigator\ussd_navigator.php|91| |--- 0 --- =============the response recieved is <br />
<b>Fatal error</b>:  Uncaught Error: Class 'Redis' not found in C:\xampp\htdocs\QB2\QBTest\public\index.php:22
Stack trace:
#0 {main}
  thrown in <b>C:\xampp\htdocs\QB2\QBTest\public\index.php</b> on line <b>22</b><br />

2021-Oct-11-10:17:48 | C:\xampp\htdocs\QB2\QBTest\navigator\ussd_navigator.php|98| |--- 0 --- ----> the response recieved -------------><br />
<b>Fatal error</b>:  Uncaught Error: Class 'Redis' not found in C:\xampp\htdocs\QB2\QBTest\public\index.php:22
Stack trace:
#0 {main}
  thrown in <b>C:\xampp\htdocs\QB2\QBTest\public\index.php</b> on line <b>22</b><br />

2021-Oct-11-10:17:48 | C:\xampp\htdocs\QB2\QBTest\shared\utils.php|updateSessionDetails()|420| |--- 0 --- sessionID '234234275588' updated with sessionHop activity [{"CL":1,"NL":0,"MSG":"We are unable to complete your request at the moment, Please try again later","INPUT":"","CLOSE":true}]
2021-Oct-11-10:17:48 | C:\xampp\htdocs\QB2\QBTest\interfaces\SS\MTN\ussdInterface.php|54| |---  --- the result {"END":true,"USSDMESSAGE":"We are unable to complete your request at the moment, Please try again later","SESSIONID":"234234275588","MSISDN":"0"}
2021-Oct-11-10:17:48 | C:\xampp\htdocs\QB2\QBTest\interfaces\SS\MTN\ussdInterface.php|65| |---  --- got the response s:145:"{"END":true,"USSDMESSAGE":"We are unable to complete your request at the moment, Please try again later","SESSIONID":"234234275588","MSISDN":"0"}"; from URL http://localhost:8000/QB2/QBTest/navigator/ussd_navigator.php?MSISDN=0&SESSIONID=234234275588&INPUT=&USSD_CODE=*544#&NETWORK=MTN&IMSI=12312312
2021-Oct-11-10:24:34 | C:\xampp\htdocs\QB2\QBTest\interfaces\SS\MTN\ussdInterface.php|8| |---  --- Params from the network Array
(
    [msisdn] => 0
    [session] => 234234275588
    [input] => 
    [imsi] => 12312312
)

2021-Oct-11-10:24:34 | C:\xampp\htdocs\QB2\QBTest\shared\utils.php|getSessionInfo()|142| |--- 0 --- (getSessionInfo) the reponse a:5:{s:6:"status";b:1;s:9:"sessionID";s:12:"234234275588";s:5:"state";s:3:"NEW";s:3:"url";N;s:15:"sessionActivity";N;}
2021-Oct-11-10:24:34 | C:\xampp\htdocs\QB2\QBTest\navigator\ussd_navigator.php|54| |--- 0 --- NEW session
2021-Oct-11-10:24:34 | C:\xampp\htdocs\QB2\QBTest\navigator\ussd_navigator.php|66| |--- 0 --- url to code '*544#' 'http://localhost:8000/QB2/QBTest/public/index.php'
2021-Oct-11-10:24:34 | C:\xampp\htdocs\QB2\QBTest\shared\utils.php|updateSessionURL()|377| |--- 0 --- (updateSessionURL) query == update sessions set url=:url where sessionID=:sessionID and  mobileNumber=:mobileNumber limit 1
2021-Oct-11-10:24:34 | C:\xampp\htdocs\QB2\QBTest\navigator\ussd_navigator.php|88| |--- 0 --- --------------About to invoke url 'http://localhost:8000/QB2/QBTest/public/index.php' for USSD code '*544#' with params a:8:{s:12:"mobileNumber";s:1:"0";s:5:"input";s:0:"";s:5:"level";i:1;s:5:"extra";s:4:"null";s:10:"session_id";s:12:"234234275588";s:6:"opCode";s:5:"BEGIN";s:7:"network";s:0:"";s:4:"imsi";s:0:"";}
2021-Oct-11-10:24:34 | C:\xampp\htdocs\QB2\QBTest\navigator\ussd_navigator.php|91| |--- 0 --- =============the response recieved is <br />
<b>Fatal error</b>:  Uncaught Error: Class 'Redis' not found in C:\xampp\htdocs\QB2\QBTest\public\index.php:22
Stack trace:
#0 {main}
  thrown in <b>C:\xampp\htdocs\QB2\QBTest\public\index.php</b> on line <b>22</b><br />

2021-Oct-11-10:24:34 | C:\xampp\htdocs\QB2\QBTest\navigator\ussd_navigator.php|98| |--- 0 --- ----> the response recieved -------------><br />
<b>Fatal error</b>:  Uncaught Error: Class 'Redis' not found in C:\xampp\htdocs\QB2\QBTest\public\index.php:22
Stack trace:
#0 {main}
  thrown in <b>C:\xampp\htdocs\QB2\QBTest\public\index.php</b> on line <b>22</b><br />

2021-Oct-11-10:24:34 | C:\xampp\htdocs\QB2\QBTest\shared\utils.php|updateSessionDetails()|420| |--- 0 --- sessionID '234234275588' updated with sessionHop activity [{"CL":1,"NL":0,"MSG":"We are unable to complete your request at the moment, Please try again later","INPUT":"","CLOSE":true}]
2021-Oct-11-10:24:34 | C:\xampp\htdocs\QB2\QBTest\interfaces\SS\MTN\ussdInterface.php|54| |---  --- the result {"END":true,"USSDMESSAGE":"We are unable to complete your request at the moment, Please try again later","SESSIONID":"234234275588","MSISDN":"0"}
2021-Oct-11-10:24:34 | C:\xampp\htdocs\QB2\QBTest\interfaces\SS\MTN\ussdInterface.php|65| |---  --- got the response s:145:"{"END":true,"USSDMESSAGE":"We are unable to complete your request at the moment, Please try again later","SESSIONID":"234234275588","MSISDN":"0"}"; from URL http://localhost:8000/QB2/QBTest/navigator/ussd_navigator.php?MSISDN=0&SESSIONID=234234275588&INPUT=&USSD_CODE=*544#&NETWORK=MTN&IMSI=12312312
2021-Oct-11-10:28:38 | C:\xampp\htdocs\QB2\QBTest\interfaces\SS\MTN\ussdInterface.php|8| |---  --- Params from the network Array
(
    [msisdn] => 0
    [session] => 234234275588
    [input] => 
    [imsi] => 12312312
)

2021-Oct-11-10:28:39 | C:\xampp\htdocs\QB2\QBTest\shared\utils.php|getSessionInfo()|142| |--- 0 --- (getSessionInfo) the reponse a:5:{s:6:"status";b:1;s:9:"sessionID";s:12:"234234275588";s:5:"state";s:3:"NEW";s:3:"url";N;s:15:"sessionActivity";N;}
2021-Oct-11-10:28:39 | C:\xampp\htdocs\QB2\QBTest\navigator\ussd_navigator.php|54| |--- 0 --- NEW session
2021-Oct-11-10:28:39 | C:\xampp\htdocs\QB2\QBTest\navigator\ussd_navigator.php|66| |--- 0 --- url to code '*544#' 'http://localhost:8000/QB2/QBTest/public/index.php'
2021-Oct-11-10:28:39 | C:\xampp\htdocs\QB2\QBTest\shared\utils.php|updateSessionURL()|377| |--- 0 --- (updateSessionURL) query == update sessions set url=:url where sessionID=:sessionID and  mobileNumber=:mobileNumber limit 1
2021-Oct-11-10:28:39 | C:\xampp\htdocs\QB2\QBTest\navigator\ussd_navigator.php|88| |--- 0 --- --------------About to invoke url 'http://localhost:8000/QB2/QBTest/public/index.php' for USSD code '*544#' with params a:8:{s:12:"mobileNumber";s:1:"0";s:5:"input";s:0:"";s:5:"level";i:1;s:5:"extra";s:4:"null";s:10:"session_id";s:12:"234234275588";s:6:"opCode";s:5:"BEGIN";s:7:"network";s:0:"";s:4:"imsi";s:0:"";}
2021-Oct-11-10:28:39 | C:\xampp\htdocs\QB2\QBTest\navigator\ussd_navigator.php|91| |--- 0 --- =============the response recieved is <br />
<b>Fatal error</b>:  Uncaught Error: Class 'Redis' not found in C:\xampp\htdocs\QB2\QBTest\public\index.php:22
Stack trace:
#0 {main}
  thrown in <b>C:\xampp\htdocs\QB2\QBTest\public\index.php</b> on line <b>22</b><br />

2021-Oct-11-10:28:39 | C:\xampp\htdocs\QB2\QBTest\navigator\ussd_navigator.php|98| |--- 0 --- ----> the response recieved -------------><br />
<b>Fatal error</b>:  Uncaught Error: Class 'Redis' not found in C:\xampp\htdocs\QB2\QBTest\public\index.php:22
Stack trace:
#0 {main}
  thrown in <b>C:\xampp\htdocs\QB2\QBTest\public\index.php</b> on line <b>22</b><br />

2021-Oct-11-10:28:39 | C:\xampp\htdocs\QB2\QBTest\shared\utils.php|updateSessionDetails()|420| |--- 0 --- sessionID '234234275588' updated with sessionHop activity [{"CL":1,"NL":0,"MSG":"We are unable to complete your request at the moment, Please try again later","INPUT":"","CLOSE":true}]
2021-Oct-11-10:28:39 | C:\xampp\htdocs\QB2\QBTest\interfaces\SS\MTN\ussdInterface.php|54| |---  --- the result {"END":true,"USSDMESSAGE":"We are unable to complete your request at the moment, Please try again later","SESSIONID":"234234275588","MSISDN":"0"}
2021-Oct-11-10:28:39 | C:\xampp\htdocs\QB2\QBTest\interfaces\SS\MTN\ussdInterface.php|65| |---  --- got the response s:145:"{"END":true,"USSDMESSAGE":"We are unable to complete your request at the moment, Please try again later","SESSIONID":"234234275588","MSISDN":"0"}"; from URL http://localhost:8000/QB2/QBTest/navigator/ussd_navigator.php?MSISDN=0&SESSIONID=234234275588&INPUT=&USSD_CODE=*544#&NETWORK=MTN&IMSI=12312312
2021-Oct-11-10:53:53 | C:\xampp\htdocs\QB2\QBTest\interfaces\SS\MTN\ussdInterface.php|8| |---  --- Params from the network Array
(
    [msisdn] => 0
    [session] => 234234275588
    [input] => 
    [imsi] => 12312312
)

2021-Oct-11-10:53:53 | C:\xampp\htdocs\QB2\QBTest\shared\utils.php|getSessionInfo()|142| |--- 0 --- (getSessionInfo) the reponse a:5:{s:6:"status";b:1;s:9:"sessionID";s:12:"234234275588";s:5:"state";s:3:"NEW";s:3:"url";N;s:15:"sessionActivity";N;}
2021-Oct-11-10:53:53 | C:\xampp\htdocs\QB2\QBTest\navigator\ussd_navigator.php|54| |--- 0 --- NEW session
2021-Oct-11-10:53:53 | C:\xampp\htdocs\QB2\QBTest\navigator\ussd_navigator.php|66| |--- 0 --- url to code '*544#' 'http://localhost:8000/QB2/QBTest/public/index.php'
2021-Oct-11-10:53:53 | C:\xampp\htdocs\QB2\QBTest\shared\utils.php|updateSessionURL()|377| |--- 0 --- (updateSessionURL) query == update sessions set url=:url where sessionID=:sessionID and  mobileNumber=:mobileNumber limit 1
2021-Oct-11-10:53:53 | C:\xampp\htdocs\QB2\QBTest\navigator\ussd_navigator.php|88| |--- 0 --- --------------About to invoke url 'http://localhost:8000/QB2/QBTest/public/index.php' for USSD code '*544#' with params a:8:{s:12:"mobileNumber";s:1:"0";s:5:"input";s:0:"";s:5:"level";i:1;s:5:"extra";s:4:"null";s:10:"session_id";s:12:"234234275588";s:6:"opCode";s:5:"BEGIN";s:7:"network";s:0:"";s:4:"imsi";s:0:"";}
2021-Oct-11-10:53:53 | C:\xampp\htdocs\QB2\QBTest\navigator\ussd_navigator.php|91| |--- 0 --- =============the response recieved is <br />
<b>Fatal error</b>:  Uncaught Error: Class 'Redis' not found in C:\xampp\htdocs\QB2\QBTest\public\index.php:22
Stack trace:
#0 {main}
  thrown in <b>C:\xampp\htdocs\QB2\QBTest\public\index.php</b> on line <b>22</b><br />

2021-Oct-11-10:53:53 | C:\xampp\htdocs\QB2\QBTest\navigator\ussd_navigator.php|98| |--- 0 --- ----> the response recieved -------------><br />
<b>Fatal error</b>:  Uncaught Error: Class 'Redis' not found in C:\xampp\htdocs\QB2\QBTest\public\index.php:22
Stack trace:
#0 {main}
  thrown in <b>C:\xampp\htdocs\QB2\QBTest\public\index.php</b> on line <b>22</b><br />

2021-Oct-11-10:53:53 | C:\xampp\htdocs\QB2\QBTest\shared\utils.php|updateSessionDetails()|420| |--- 0 --- sessionID '234234275588' updated with sessionHop activity [{"CL":1,"NL":0,"MSG":"We are unable to complete your request at the moment, Please try again later","INPUT":"","CLOSE":true}]
2021-Oct-11-10:53:53 | C:\xampp\htdocs\QB2\QBTest\interfaces\SS\MTN\ussdInterface.php|54| |---  --- the result {"END":true,"USSDMESSAGE":"We are unable to complete your request at the moment, Please try again later","SESSIONID":"234234275588","MSISDN":"0"}
2021-Oct-11-10:53:53 | C:\xampp\htdocs\QB2\QBTest\interfaces\SS\MTN\ussdInterface.php|65| |---  --- got the response s:145:"{"END":true,"USSDMESSAGE":"We are unable to complete your request at the moment, Please try again later","SESSIONID":"234234275588","MSISDN":"0"}"; from URL http://localhost:8000/QB2/QBTest/navigator/ussd_navigator.php?MSISDN=0&SESSIONID=234234275588&INPUT=&USSD_CODE=*544#&NETWORK=MTN&IMSI=12312312
2021-Oct-11-11:07:48 | C:\xampp\htdocs\QB2\QBTest\interfaces\SS\MTN\ussdInterface.php|8| |---  --- Params from the network Array
(
    [msisdn] => 0
    [session] => 234234275588
    [input] => 
    [imsi] => 12312312
)

2021-Oct-11-11:07:48 | C:\xampp\htdocs\QB2\QBTest\shared\utils.php|getSessionInfo()|142| |--- 0 --- (getSessionInfo) the reponse a:5:{s:6:"status";b:1;s:9:"sessionID";s:12:"234234275588";s:5:"state";s:3:"NEW";s:3:"url";N;s:15:"sessionActivity";N;}
2021-Oct-11-11:07:48 | C:\xampp\htdocs\QB2\QBTest\navigator\ussd_navigator.php|54| |--- 0 --- NEW session
2021-Oct-11-11:07:48 | C:\xampp\htdocs\QB2\QBTest\navigator\ussd_navigator.php|66| |--- 0 --- url to code '*544#' 'http://localhost:8000/QB2/QBTest/public/index.php'
2021-Oct-11-11:07:48 | C:\xampp\htdocs\QB2\QBTest\shared\utils.php|updateSessionURL()|377| |--- 0 --- (updateSessionURL) query == update sessions set url=:url where sessionID=:sessionID and  mobileNumber=:mobileNumber limit 1
2021-Oct-11-11:07:48 | C:\xampp\htdocs\QB2\QBTest\navigator\ussd_navigator.php|88| |--- 0 --- --------------About to invoke url 'http://localhost:8000/QB2/QBTest/public/index.php' for USSD code '*544#' with params a:8:{s:12:"mobileNumber";s:1:"0";s:5:"input";s:0:"";s:5:"level";i:1;s:5:"extra";s:4:"null";s:10:"session_id";s:12:"234234275588";s:6:"opCode";s:5:"BEGIN";s:7:"network";s:0:"";s:4:"imsi";s:0:"";}
2021-Oct-11-11:07:48 | C:\xampp\htdocs\QB2\QBTest\navigator\ussd_navigator.php|91| |--- 0 --- =============the response recieved is <br />
<b>Fatal error</b>:  Uncaught Error: Class 'Redis' not found in C:\xampp\htdocs\QB2\QBTest\public\index.php:22
Stack trace:
#0 {main}
  thrown in <b>C:\xampp\htdocs\QB2\QBTest\public\index.php</b> on line <b>22</b><br />

2021-Oct-11-11:07:48 | C:\xampp\htdocs\QB2\QBTest\navigator\ussd_navigator.php|98| |--- 0 --- ----> the response recieved -------------><br />
<b>Fatal error</b>:  Uncaught Error: Class 'Redis' not found in C:\xampp\htdocs\QB2\QBTest\public\index.php:22
Stack trace:
#0 {main}
  thrown in <b>C:\xampp\htdocs\QB2\QBTest\public\index.php</b> on line <b>22</b><br />

2021-Oct-11-11:07:48 | C:\xampp\htdocs\QB2\QBTest\shared\utils.php|updateSessionDetails()|420| |--- 0 --- sessionID '234234275588' updated with sessionHop activity [{"CL":1,"NL":0,"MSG":"We are unable to complete your request at the moment, Please try again later","INPUT":"","CLOSE":true}]
2021-Oct-11-11:07:48 | C:\xampp\htdocs\QB2\QBTest\interfaces\SS\MTN\ussdInterface.php|54| |---  --- the result {"END":true,"USSDMESSAGE":"We are unable to complete your request at the moment, Please try again later","SESSIONID":"234234275588","MSISDN":"0"}
2021-Oct-11-11:07:48 | C:\xampp\htdocs\QB2\QBTest\interfaces\SS\MTN\ussdInterface.php|65| |---  --- got the response s:145:"{"END":true,"USSDMESSAGE":"We are unable to complete your request at the moment, Please try again later","SESSIONID":"234234275588","MSISDN":"0"}"; from URL http://localhost:8000/QB2/QBTest/navigator/ussd_navigator.php?MSISDN=0&SESSIONID=234234275588&INPUT=&USSD_CODE=*544#&NETWORK=MTN&IMSI=12312312
2021-Oct-11-11:08:03 | C:\xampp\htdocs\QB2\QBTest\interfaces\SS\MTN\ussdInterface.php|8| |---  --- Params from the network Array
(
    [msisdn] => 0
    [session] => 234234275588
    [input] => 
    [imsi] => 12312312
)

2021-Oct-11-11:08:03 | C:\xampp\htdocs\QB2\QBTest\shared\utils.php|getSessionInfo()|142| |--- 0 --- (getSessionInfo) the reponse a:5:{s:6:"status";b:1;s:9:"sessionID";s:12:"234234275588";s:5:"state";s:3:"NEW";s:3:"url";N;s:15:"sessionActivity";N;}
2021-Oct-11-11:08:03 | C:\xampp\htdocs\QB2\QBTest\navigator\ussd_navigator.php|54| |--- 0 --- NEW session
2021-Oct-11-11:08:03 | C:\xampp\htdocs\QB2\QBTest\navigator\ussd_navigator.php|66| |--- 0 --- url to code '*544#' 'http://localhost:8000/QB2/QBTest/public/index.php'
2021-Oct-11-11:08:03 | C:\xampp\htdocs\QB2\QBTest\shared\utils.php|updateSessionURL()|377| |--- 0 --- (updateSessionURL) query == update sessions set url=:url where sessionID=:sessionID and  mobileNumber=:mobileNumber limit 1
2021-Oct-11-11:08:03 | C:\xampp\htdocs\QB2\QBTest\navigator\ussd_navigator.php|88| |--- 0 --- --------------About to invoke url 'http://localhost:8000/QB2/QBTest/public/index.php' for USSD code '*544#' with params a:8:{s:12:"mobileNumber";s:1:"0";s:5:"input";s:0:"";s:5:"level";i:1;s:5:"extra";s:4:"null";s:10:"session_id";s:12:"234234275588";s:6:"opCode";s:5:"BEGIN";s:7:"network";s:0:"";s:4:"imsi";s:0:"";}
2021-Oct-11-11:08:03 | C:\xampp\htdocs\QB2\QBTest\navigator\ussd_navigator.php|91| |--- 0 --- =============the response recieved is <br />
<b>Fatal error</b>:  Uncaught Error: Class 'Redis' not found in C:\xampp\htdocs\QB2\QBTest\public\index.php:22
Stack trace:
#0 {main}
  thrown in <b>C:\xampp\htdocs\QB2\QBTest\public\index.php</b> on line <b>22</b><br />

2021-Oct-11-11:08:03 | C:\xampp\htdocs\QB2\QBTest\navigator\ussd_navigator.php|98| |--- 0 --- ----> the response recieved -------------><br />
<b>Fatal error</b>:  Uncaught Error: Class 'Redis' not found in C:\xampp\htdocs\QB2\QBTest\public\index.php:22
Stack trace:
#0 {main}
  thrown in <b>C:\xampp\htdocs\QB2\QBTest\public\index.php</b> on line <b>22</b><br />

2021-Oct-11-11:08:03 | C:\xampp\htdocs\QB2\QBTest\shared\utils.php|updateSessionDetails()|420| |--- 0 --- sessionID '234234275588' updated with sessionHop activity [{"CL":1,"NL":0,"MSG":"We are unable to complete your request at the moment, Please try again later","INPUT":"","CLOSE":true}]
2021-Oct-11-11:08:03 | C:\xampp\htdocs\QB2\QBTest\interfaces\SS\MTN\ussdInterface.php|54| |---  --- the result {"END":true,"USSDMESSAGE":"We are unable to complete your request at the moment, Please try again later","SESSIONID":"234234275588","MSISDN":"0"}
2021-Oct-11-11:08:03 | C:\xampp\htdocs\QB2\QBTest\interfaces\SS\MTN\ussdInterface.php|65| |---  --- got the response s:145:"{"END":true,"USSDMESSAGE":"We are unable to complete your request at the moment, Please try again later","SESSIONID":"234234275588","MSISDN":"0"}"; from URL http://localhost:8000/QB2/QBTest/navigator/ussd_navigator.php?MSISDN=0&SESSIONID=234234275588&INPUT=&USSD_CODE=*544#&NETWORK=MTN&IMSI=12312312
2021-Oct-11-11:08:12 | C:\xampp\htdocs\QB2\QBTest\interfaces\SS\MTN\ussdInterface.php|8| |---  --- Params from the network Array
(
    [msisdn] => 0
    [session] => 234234275588
    [input] => 
    [imsi] => 12312312
)

2021-Oct-11-11:08:12 | C:\xampp\htdocs\QB2\QBTest\shared\utils.php|getSessionInfo()|142| |--- 0 --- (getSessionInfo) the reponse a:5:{s:6:"status";b:1;s:9:"sessionID";s:12:"234234275588";s:5:"state";s:3:"NEW";s:3:"url";N;s:15:"sessionActivity";N;}
2021-Oct-11-11:08:12 | C:\xampp\htdocs\QB2\QBTest\navigator\ussd_navigator.php|54| |--- 0 --- NEW session
2021-Oct-11-11:08:12 | C:\xampp\htdocs\QB2\QBTest\navigator\ussd_navigator.php|66| |--- 0 --- url to code '*544#' 'http://localhost:8000/QB2/QBTest/public/index.php'
2021-Oct-11-11:08:12 | C:\xampp\htdocs\QB2\QBTest\shared\utils.php|updateSessionURL()|377| |--- 0 --- (updateSessionURL) query == update sessions set url=:url where sessionID=:sessionID and  mobileNumber=:mobileNumber limit 1
2021-Oct-11-11:08:12 | C:\xampp\htdocs\QB2\QBTest\navigator\ussd_navigator.php|88| |--- 0 --- --------------About to invoke url 'http://localhost:8000/QB2/QBTest/public/index.php' for USSD code '*544#' with params a:8:{s:12:"mobileNumber";s:1:"0";s:5:"input";s:0:"";s:5:"level";i:1;s:5:"extra";s:4:"null";s:10:"session_id";s:12:"234234275588";s:6:"opCode";s:5:"BEGIN";s:7:"network";s:0:"";s:4:"imsi";s:0:"";}
2021-Oct-11-11:08:12 | C:\xampp\htdocs\QB2\QBTest\navigator\ussd_navigator.php|91| |--- 0 --- =============the response recieved is <br />
<b>Fatal error</b>:  Uncaught Error: Class 'Redis' not found in C:\xampp\htdocs\QB2\QBTest\public\index.php:22
Stack trace:
#0 {main}
  thrown in <b>C:\xampp\htdocs\QB2\QBTest\public\index.php</b> on line <b>22</b><br />

2021-Oct-11-11:08:12 | C:\xampp\htdocs\QB2\QBTest\navigator\ussd_navigator.php|98| |--- 0 --- ----> the response recieved -------------><br />
<b>Fatal error</b>:  Uncaught Error: Class 'Redis' not found in C:\xampp\htdocs\QB2\QBTest\public\index.php:22
Stack trace:
#0 {main}
  thrown in <b>C:\xampp\htdocs\QB2\QBTest\public\index.php</b> on line <b>22</b><br />

2021-Oct-11-11:08:12 | C:\xampp\htdocs\QB2\QBTest\shared\utils.php|updateSessionDetails()|420| |--- 0 --- sessionID '234234275588' updated with sessionHop activity [{"CL":1,"NL":0,"MSG":"We are unable to complete your request at the moment, Please try again later","INPUT":"","CLOSE":true}]
2021-Oct-11-11:08:12 | C:\xampp\htdocs\QB2\QBTest\interfaces\SS\MTN\ussdInterface.php|54| |---  --- the result {"END":true,"USSDMESSAGE":"We are unable to complete your request at the moment, Please try again later","SESSIONID":"234234275588","MSISDN":"0"}
2021-Oct-11-11:08:12 | C:\xampp\htdocs\QB2\QBTest\interfaces\SS\MTN\ussdInterface.php|65| |---  --- got the response s:145:"{"END":true,"USSDMESSAGE":"We are unable to complete your request at the moment, Please try again later","SESSIONID":"234234275588","MSISDN":"0"}"; from URL http://localhost:8000/QB2/QBTest/navigator/ussd_navigator.php?MSISDN=0&SESSIONID=234234275588&INPUT=&USSD_CODE=*544#&NETWORK=MTN&IMSI=12312312
2021-Oct-11-11:16:32 | C:\xampp\htdocs\QB2\QBTest\interfaces\SS\MTN\ussdInterface.php|8| |---  --- Params from the network Array
(
    [msisdn] => 0
    [session] => 234234275588
    [input] => 
    [imsi] => 12312312
)

2021-Oct-11-11:16:32 | C:\xampp\htdocs\QB2\QBTest\shared\utils.php|getSessionInfo()|142| |--- 0 --- (getSessionInfo) the reponse a:5:{s:6:"status";b:1;s:9:"sessionID";s:12:"234234275588";s:5:"state";s:3:"NEW";s:3:"url";N;s:15:"sessionActivity";N;}
2021-Oct-11-11:16:32 | C:\xampp\htdocs\QB2\QBTest\navigator\ussd_navigator.php|54| |--- 0 --- NEW session
2021-Oct-11-11:16:32 | C:\xampp\htdocs\QB2\QBTest\navigator\ussd_navigator.php|66| |--- 0 --- url to code '*544#' 'http://localhost:8000/QB2/QBTest/public/index.php'
2021-Oct-11-11:16:32 | C:\xampp\htdocs\QB2\QBTest\shared\utils.php|updateSessionURL()|377| |--- 0 --- (updateSessionURL) query == update sessions set url=:url where sessionID=:sessionID and  mobileNumber=:mobileNumber limit 1
2021-Oct-11-11:16:32 | C:\xampp\htdocs\QB2\QBTest\navigator\ussd_navigator.php|88| |--- 0 --- --------------About to invoke url 'http://localhost:8000/QB2/QBTest/public/index.php' for USSD code '*544#' with params a:8:{s:12:"mobileNumber";s:1:"0";s:5:"input";s:0:"";s:5:"level";i:1;s:5:"extra";s:4:"null";s:10:"session_id";s:12:"234234275588";s:6:"opCode";s:5:"BEGIN";s:7:"network";s:0:"";s:4:"imsi";s:0:"";}
2021-Oct-11-11:16:32 | C:\xampp\htdocs\QB2\QBTest\navigator\ussd_navigator.php|91| |--- 0 --- =============the response recieved is <br />
<b>Fatal error</b>:  Uncaught Error: Class 'Redis' not found in C:\xampp\htdocs\QB2\QBTest\public\index.php:22
Stack trace:
#0 {main}
  thrown in <b>C:\xampp\htdocs\QB2\QBTest\public\index.php</b> on line <b>22</b><br />

2021-Oct-11-11:16:32 | C:\xampp\htdocs\QB2\QBTest\navigator\ussd_navigator.php|98| |--- 0 --- ----> the response recieved -------------><br />
<b>Fatal error</b>:  Uncaught Error: Class 'Redis' not found in C:\xampp\htdocs\QB2\QBTest\public\index.php:22
Stack trace:
#0 {main}
  thrown in <b>C:\xampp\htdocs\QB2\QBTest\public\index.php</b> on line <b>22</b><br />

2021-Oct-11-11:16:33 | C:\xampp\htdocs\QB2\QBTest\shared\utils.php|updateSessionDetails()|420| |--- 0 --- sessionID '234234275588' updated with sessionHop activity [{"CL":1,"NL":0,"MSG":"We are unable to complete your request at the moment, Please try again later","INPUT":"","CLOSE":true}]
2021-Oct-11-11:16:33 | C:\xampp\htdocs\QB2\QBTest\interfaces\SS\MTN\ussdInterface.php|54| |---  --- the result {"END":true,"USSDMESSAGE":"We are unable to complete your request at the moment, Please try again later","SESSIONID":"234234275588","MSISDN":"0"}
2021-Oct-11-11:16:33 | C:\xampp\htdocs\QB2\QBTest\interfaces\SS\MTN\ussdInterface.php|65| |---  --- got the response s:145:"{"END":true,"USSDMESSAGE":"We are unable to complete your request at the moment, Please try again later","SESSIONID":"234234275588","MSISDN":"0"}"; from URL http://localhost:8000/QB2/QBTest/navigator/ussd_navigator.php?MSISDN=0&SESSIONID=234234275588&INPUT=&USSD_CODE=*544#&NETWORK=MTN&IMSI=12312312
2021-Oct-11-17:05:00 | C:\xampp\htdocs\QB2\QBTest\interfaces\SS\MTN\ussdInterface.php|8| |---  --- Params from the network Array
(
    [msisdn] => 0
    [session] => 234234275588
    [input] => 
    [imsi] => 12312312
)

2021-Oct-11-17:05:00 | C:\xampp\htdocs\QB2\QBTest\shared\utils.php|getSessionInfo()|142| |--- 0 --- (getSessionInfo) the reponse a:5:{s:6:"status";b:1;s:9:"sessionID";s:12:"234234275588";s:5:"state";s:3:"NEW";s:3:"url";N;s:15:"sessionActivity";N;}
2021-Oct-11-17:05:00 | C:\xampp\htdocs\QB2\QBTest\navigator\ussd_navigator.php|54| |--- 0 --- NEW session
2021-Oct-11-17:05:00 | C:\xampp\htdocs\QB2\QBTest\navigator\ussd_navigator.php|66| |--- 0 --- url to code '*544#' 'http://localhost:8000/QB2/QBTest/public/index.php'
2021-Oct-11-17:05:00 | C:\xampp\htdocs\QB2\QBTest\shared\utils.php|updateSessionURL()|377| |--- 0 --- (updateSessionURL) query == update sessions set url=:url where sessionID=:sessionID and  mobileNumber=:mobileNumber limit 1
2021-Oct-11-17:05:00 | C:\xampp\htdocs\QB2\QBTest\navigator\ussd_navigator.php|88| |--- 0 --- --------------About to invoke url 'http://localhost:8000/QB2/QBTest/public/index.php' for USSD code '*544#' with params a:8:{s:12:"mobileNumber";s:1:"0";s:5:"input";s:0:"";s:5:"level";i:1;s:5:"extra";s:4:"null";s:10:"session_id";s:12:"234234275588";s:6:"opCode";s:5:"BEGIN";s:7:"network";s:0:"";s:4:"imsi";s:0:"";}
2021-Oct-11-17:05:00 | C:\xampp\htdocs\QB2\QBTest\navigator\ussd_navigator.php|91| |--- 0 --- =============the response recieved is <br />
<b>Fatal error</b>:  Uncaught Error: Class 'Redis' not found in C:\xampp\htdocs\QB2\QBTest\public\index.php:22
Stack trace:
#0 {main}
  thrown in <b>C:\xampp\htdocs\QB2\QBTest\public\index.php</b> on line <b>22</b><br />

2021-Oct-11-17:05:00 | C:\xampp\htdocs\QB2\QBTest\navigator\ussd_navigator.php|98| |--- 0 --- ----> the response recieved -------------><br />
<b>Fatal error</b>:  Uncaught Error: Class 'Redis' not found in C:\xampp\htdocs\QB2\QBTest\public\index.php:22
Stack trace:
#0 {main}
  thrown in <b>C:\xampp\htdocs\QB2\QBTest\public\index.php</b> on line <b>22</b><br />

2021-Oct-11-17:05:00 | C:\xampp\htdocs\QB2\QBTest\shared\utils.php|updateSessionDetails()|420| |--- 0 --- sessionID '234234275588' updated with sessionHop activity [{"CL":1,"NL":0,"MSG":"We are unable to complete your request at the moment, Please try again later","INPUT":"","CLOSE":true}]
2021-Oct-11-17:05:00 | C:\xampp\htdocs\QB2\QBTest\interfaces\SS\MTN\ussdInterface.php|54| |---  --- the result {"END":true,"USSDMESSAGE":"We are unable to complete your request at the moment, Please try again later","SESSIONID":"234234275588","MSISDN":"0"}
2021-Oct-11-17:05:00 | C:\xampp\htdocs\QB2\QBTest\interfaces\SS\MTN\ussdInterface.php|65| |---  --- got the response s:145:"{"END":true,"USSDMESSAGE":"We are unable to complete your request at the moment, Please try again later","SESSIONID":"234234275588","MSISDN":"0"}"; from URL http://localhost:8000/QB2/QBTest/navigator/ussd_navigator.php?MSISDN=0&SESSIONID=234234275588&INPUT=&USSD_CODE=*544#&NETWORK=MTN&IMSI=12312312
2021-Oct-11-17:07:47 | C:\xampp\htdocs\QB2\QBTest\interfaces\SS\MTN\ussdInterface.php|8| |---  --- Params from the network Array
(
    [msisdn] => 0
    [session] => 234234275588
    [input] => 
    [imsi] => 12312312
)

2021-Oct-11-17:07:47 | C:\xampp\htdocs\QB2\QBTest\shared\utils.php|getSessionInfo()|142| |--- 0 --- (getSessionInfo) the reponse a:5:{s:6:"status";b:1;s:9:"sessionID";s:12:"234234275588";s:5:"state";s:3:"NEW";s:3:"url";N;s:15:"sessionActivity";N;}
2021-Oct-11-17:07:47 | C:\xampp\htdocs\QB2\QBTest\navigator\ussd_navigator.php|54| |--- 0 --- NEW session
2021-Oct-11-17:07:47 | C:\xampp\htdocs\QB2\QBTest\navigator\ussd_navigator.php|66| |--- 0 --- url to code '*544#' 'http://localhost:8000/QB2/QBTest/public/index.php'
2021-Oct-11-17:07:47 | C:\xampp\htdocs\QB2\QBTest\shared\utils.php|updateSessionURL()|377| |--- 0 --- (updateSessionURL) query == update sessions set url=:url where sessionID=:sessionID and  mobileNumber=:mobileNumber limit 1
2021-Oct-11-17:07:47 | C:\xampp\htdocs\QB2\QBTest\navigator\ussd_navigator.php|88| |--- 0 --- --------------About to invoke url 'http://localhost:8000/QB2/QBTest/public/index.php' for USSD code '*544#' with params a:8:{s:12:"mobileNumber";s:1:"0";s:5:"input";s:0:"";s:5:"level";i:1;s:5:"extra";s:4:"null";s:10:"session_id";s:12:"234234275588";s:6:"opCode";s:5:"BEGIN";s:7:"network";s:0:"";s:4:"imsi";s:0:"";}
2021-Oct-11-17:07:47 | C:\xampp\htdocs\QB2\QBTest\navigator\ussd_navigator.php|91| |--- 0 --- =============the response recieved is <br />
<b>Fatal error</b>:  Uncaught Error: Class 'Redis' not found in C:\xampp\htdocs\QB2\QBTest\public\index.php:22
Stack trace:
#0 {main}
  thrown in <b>C:\xampp\htdocs\QB2\QBTest\public\index.php</b> on line <b>22</b><br />

2021-Oct-11-17:07:47 | C:\xampp\htdocs\QB2\QBTest\navigator\ussd_navigator.php|98| |--- 0 --- ----> the response recieved -------------><br />
<b>Fatal error</b>:  Uncaught Error: Class 'Redis' not found in C:\xampp\htdocs\QB2\QBTest\public\index.php:22
Stack trace:
#0 {main}
  thrown in <b>C:\xampp\htdocs\QB2\QBTest\public\index.php</b> on line <b>22</b><br />

2021-Oct-11-17:07:47 | C:\xampp\htdocs\QB2\QBTest\shared\utils.php|updateSessionDetails()|420| |--- 0 --- sessionID '234234275588' updated with sessionHop activity [{"CL":1,"NL":0,"MSG":"We are unable to complete your request at the moment, Please try again later","INPUT":"","CLOSE":true}]
2021-Oct-11-17:07:47 | C:\xampp\htdocs\QB2\QBTest\interfaces\SS\MTN\ussdInterface.php|54| |---  --- the result {"END":true,"USSDMESSAGE":"We are unable to complete your request at the moment, Please try again later","SESSIONID":"234234275588","MSISDN":"0"}
2021-Oct-11-17:07:47 | C:\xampp\htdocs\QB2\QBTest\interfaces\SS\MTN\ussdInterface.php|65| |---  --- got the response s:145:"{"END":true,"USSDMESSAGE":"We are unable to complete your request at the moment, Please try again later","SESSIONID":"234234275588","MSISDN":"0"}"; from URL http://localhost:8000/QB2/QBTest/navigator/ussd_navigator.php?MSISDN=0&SESSIONID=234234275588&INPUT=&USSD_CODE=*544#&NETWORK=MTN&IMSI=12312312
2021-Oct-11-17:08:32 | C:\xampp\htdocs\QB2\QBTest\interfaces\SS\MTN\ussdInterface.php|8| |---  --- Params from the network Array
(
    [msisdn] => 0
    [session] => 234234275588
    [input] => 
    [imsi] => 12312312
)

2021-Oct-11-17:08:32 | C:\xampp\htdocs\QB2\QBTest\shared\utils.php|getSessionInfo()|142| |--- 0 --- (getSessionInfo) the reponse a:5:{s:6:"status";b:1;s:9:"sessionID";s:12:"234234275588";s:5:"state";s:3:"NEW";s:3:"url";N;s:15:"sessionActivity";N;}
2021-Oct-11-17:08:32 | C:\xampp\htdocs\QB2\QBTest\navigator\ussd_navigator.php|54| |--- 0 --- NEW session
2021-Oct-11-17:08:32 | C:\xampp\htdocs\QB2\QBTest\navigator\ussd_navigator.php|66| |--- 0 --- url to code '*544#' 'http://localhost:8000/QB2/QBTest/public/index.php'
2021-Oct-11-17:08:32 | C:\xampp\htdocs\QB2\QBTest\shared\utils.php|updateSessionURL()|377| |--- 0 --- (updateSessionURL) query == update sessions set url=:url where sessionID=:sessionID and  mobileNumber=:mobileNumber limit 1
2021-Oct-11-17:08:32 | C:\xampp\htdocs\QB2\QBTest\navigator\ussd_navigator.php|88| |--- 0 --- --------------About to invoke url 'http://localhost:8000/QB2/QBTest/public/index.php' for USSD code '*544#' with params a:8:{s:12:"mobileNumber";s:1:"0";s:5:"input";s:0:"";s:5:"level";i:1;s:5:"extra";s:4:"null";s:10:"session_id";s:12:"234234275588";s:6:"opCode";s:5:"BEGIN";s:7:"network";s:0:"";s:4:"imsi";s:0:"";}
2021-Oct-11-17:08:32 | C:\xampp\htdocs\QB2\QBTest\navigator\ussd_navigator.php|91| |--- 0 --- =============the response recieved is <br />
<b>Fatal error</b>:  Uncaught Error: Class 'Redis' not found in C:\xampp\htdocs\QB2\QBTest\public\index.php:22
Stack trace:
#0 {main}
  thrown in <b>C:\xampp\htdocs\QB2\QBTest\public\index.php</b> on line <b>22</b><br />

2021-Oct-11-17:08:32 | C:\xampp\htdocs\QB2\QBTest\navigator\ussd_navigator.php|98| |--- 0 --- ----> the response recieved -------------><br />
<b>Fatal error</b>:  Uncaught Error: Class 'Redis' not found in C:\xampp\htdocs\QB2\QBTest\public\index.php:22
Stack trace:
#0 {main}
  thrown in <b>C:\xampp\htdocs\QB2\QBTest\public\index.php</b> on line <b>22</b><br />

2021-Oct-11-17:08:32 | C:\xampp\htdocs\QB2\QBTest\shared\utils.php|updateSessionDetails()|420| |--- 0 --- sessionID '234234275588' updated with sessionHop activity [{"CL":1,"NL":0,"MSG":"We are unable to complete your request at the moment, Please try again later","INPUT":"","CLOSE":true}]
2021-Oct-11-17:08:32 | C:\xampp\htdocs\QB2\QBTest\interfaces\SS\MTN\ussdInterface.php|54| |---  --- the result {"END":true,"USSDMESSAGE":"We are unable to complete your request at the moment, Please try again later","SESSIONID":"234234275588","MSISDN":"0"}
2021-Oct-11-17:08:32 | C:\xampp\htdocs\QB2\QBTest\interfaces\SS\MTN\ussdInterface.php|65| |---  --- got the response s:145:"{"END":true,"USSDMESSAGE":"We are unable to complete your request at the moment, Please try again later","SESSIONID":"234234275588","MSISDN":"0"}"; from URL http://localhost:8000/QB2/QBTest/navigator/ussd_navigator.php?MSISDN=0&SESSIONID=234234275588&INPUT=&USSD_CODE=*544#&NETWORK=MTN&IMSI=12312312
2021-Oct-11-17:08:37 | C:\xampp\htdocs\QB2\QBTest\interfaces\SS\MTN\ussdInterface.php|8| |---  --- Params from the network Array
(
    [msisdn] => 0
    [session] => 234234275588
    [input] => 
    [imsi] => 12312312
)

2021-Oct-11-17:08:37 | C:\xampp\htdocs\QB2\QBTest\shared\utils.php|getSessionInfo()|142| |--- 0 --- (getSessionInfo) the reponse a:5:{s:6:"status";b:1;s:9:"sessionID";s:12:"234234275588";s:5:"state";s:3:"NEW";s:3:"url";N;s:15:"sessionActivity";N;}
2021-Oct-11-17:08:37 | C:\xampp\htdocs\QB2\QBTest\navigator\ussd_navigator.php|54| |--- 0 --- NEW session
2021-Oct-11-17:08:37 | C:\xampp\htdocs\QB2\QBTest\navigator\ussd_navigator.php|66| |--- 0 --- url to code '*544#' 'http://localhost:8000/QB2/QBTest/public/index.php'
2021-Oct-11-17:08:37 | C:\xampp\htdocs\QB2\QBTest\shared\utils.php|updateSessionURL()|377| |--- 0 --- (updateSessionURL) query == update sessions set url=:url where sessionID=:sessionID and  mobileNumber=:mobileNumber limit 1
2021-Oct-11-17:08:37 | C:\xampp\htdocs\QB2\QBTest\navigator\ussd_navigator.php|88| |--- 0 --- --------------About to invoke url 'http://localhost:8000/QB2/QBTest/public/index.php' for USSD code '*544#' with params a:8:{s:12:"mobileNumber";s:1:"0";s:5:"input";s:0:"";s:5:"level";i:1;s:5:"extra";s:4:"null";s:10:"session_id";s:12:"234234275588";s:6:"opCode";s:5:"BEGIN";s:7:"network";s:0:"";s:4:"imsi";s:0:"";}
2021-Oct-11-17:08:38 | C:\xampp\htdocs\QB2\QBTest\navigator\ussd_navigator.php|91| |--- 0 --- =============the response recieved is <br />
<b>Fatal error</b>:  Uncaught Error: Class 'Redis' not found in C:\xampp\htdocs\QB2\QBTest\public\index.php:22
Stack trace:
#0 {main}
  thrown in <b>C:\xampp\htdocs\QB2\QBTest\public\index.php</b> on line <b>22</b><br />

2021-Oct-11-17:08:38 | C:\xampp\htdocs\QB2\QBTest\navigator\ussd_navigator.php|98| |--- 0 --- ----> the response recieved -------------><br />
<b>Fatal error</b>:  Uncaught Error: Class 'Redis' not found in C:\xampp\htdocs\QB2\QBTest\public\index.php:22
Stack trace:
#0 {main}
  thrown in <b>C:\xampp\htdocs\QB2\QBTest\public\index.php</b> on line <b>22</b><br />

2021-Oct-11-17:08:38 | C:\xampp\htdocs\QB2\QBTest\shared\utils.php|updateSessionDetails()|420| |--- 0 --- sessionID '234234275588' updated with sessionHop activity [{"CL":1,"NL":0,"MSG":"We are unable to complete your request at the moment, Please try again later","INPUT":"","CLOSE":true}]
2021-Oct-11-17:08:38 | C:\xampp\htdocs\QB2\QBTest\interfaces\SS\MTN\ussdInterface.php|54| |---  --- the result {"END":true,"USSDMESSAGE":"We are unable to complete your request at the moment, Please try again later","SESSIONID":"234234275588","MSISDN":"0"}
2021-Oct-11-17:08:38 | C:\xampp\htdocs\QB2\QBTest\interfaces\SS\MTN\ussdInterface.php|65| |---  --- got the response s:145:"{"END":true,"USSDMESSAGE":"We are unable to complete your request at the moment, Please try again later","SESSIONID":"234234275588","MSISDN":"0"}"; from URL http://localhost:8000/QB2/QBTest/navigator/ussd_navigator.php?MSISDN=0&SESSIONID=234234275588&INPUT=&USSD_CODE=*544#&NETWORK=MTN&IMSI=12312312
