2021-Oct-12-17:57:10 | C:\xampp\htdocs\QB2\QBTest\interfaces\SS\MTN\ussdInterface.php|8| |---  --- Params from the network Array
(
    [msisdn] => 254728140544
    [session] => 23423420034244
    [input] => 3
    [imsi] => 12312312
)

2021-Oct-12-17:57:10 | C:\xampp\htdocs\QB2\QBTest\shared\utils.php|getSessionInfo()|142| |--- 254728140544 --- (getSessionInfo) the reponse a:5:{s:6:"status";b:1;s:9:"sessionID";s:14:"23423420034244";s:5:"state";s:3:"NEW";s:3:"url";N;s:15:"sessionActivity";N;}
2021-Oct-12-17:57:10 | C:\xampp\htdocs\QB2\QBTest\navigator\ussd_navigator.php|54| |--- 254728140544 --- NEW session
2021-Oct-12-17:57:10 | C:\xampp\htdocs\QB2\QBTest\navigator\ussd_navigator.php|66| |--- 254728140544 --- url to code '*544#' 'http://localhost:8000/QB2/QBTest/public/index.php'
2021-Oct-12-17:57:10 | C:\xampp\htdocs\QB2\QBTest\shared\utils.php|updateSessionURL()|377| |--- 254728140544 --- (updateSessionURL) query == update sessions set url=:url where sessionID=:sessionID and  mobileNumber=:mobileNumber limit 1
2021-Oct-12-17:57:10 | C:\xampp\htdocs\QB2\QBTest\navigator\ussd_navigator.php|88| |--- 254728140544 --- --------------About to invoke url 'http://localhost:8000/QB2/QBTest/public/index.php' for USSD code '*544#' with params a:8:{s:12:"mobileNumber";s:12:"254728140544";s:5:"input";s:1:"3";s:5:"level";i:1;s:5:"extra";s:4:"null";s:10:"session_id";s:14:"23423420034244";s:6:"opCode";s:5:"BEGIN";s:7:"network";s:0:"";s:4:"imsi";s:0:"";}
2021-Oct-12-17:57:13 | C:\xampp\htdocs\QB2\QBTest\navigator\ussd_navigator.php|91| |--- 254728140544 --- =============the response recieved is {"action":"con","nextLevel":3,"close":false,"extra":"{\"invalidInput\":\"\",\"REFFEREDNUMBER\":\"3\",\"ACCESSTOKEN\":\"eyJhbGciOiJIUzI1NiIsInR5cCI6IkpXVCJ9.eyJzdWIiOiJ1c3NkMTM2Njc1Iiwia2V5IjoidXNzZDEzNjY3NSIsInJvbGUiOiIiLCJtb2JpbGUiOiIyNTQ3MjgxNDA1NDQiLCJzZXNzaW9uX2lkIjoiNTRjNWIwOWYtMTZiMS00MWViLWFiYWQtOWM0ZTRhZGIwYWFmIiwiY3VycmVuY3kiOiJLRVMiLCJyZWZlcnJlciI6IjMiLCJpYXQiOjE2MzQwNTA2MzEsImV4cCI6MTYzNDA1NDIzMX0.OTUFcLUkDhdFjNLEuVOAt2TAKJziFImTVbx34ZSYGVM\",\"SESSIONTOKEN\":\"54c5b09f-16b1-41eb-abad-9c4e4adb0aaf\",\"MENU_ITEMS\":\"Welcome to QuickBus.Get 20% off Buses.  Use code \\\"QB2020\\\" at checkout\\nChoose:\\n1.Book One-way\\n2.Book Return\\n3.Cust Services\\n4.Whatsapp\\n5.Refer a friend\\n000.Exit\",\"PREVMSG\":\"Welcome to QuickBus.Get 20% off Buses.  Use code \\\"QB2020\\\" at checkout\\nChoose:\\n1.Book One-way\\n2.Book Return\\n3.Cust Services\\n4.Whatsapp\\n5.Refer a friend\\n000.Exit\"}","ussdMessage":"Welcome to QuickBus.Get 20% off Buses.  Use code \"QB2020\" at checkout\nChoose:\n1.Book One-way\n2.Book Return\n3.Cust Services\n4.Whatsapp\n5.Refer a friend\n000.Exit"}
2021-Oct-12-17:57:13 | C:\xampp\htdocs\QB2\QBTest\navigator\ussd_navigator.php|98| |--- 254728140544 --- ----> the response recieved ------------->{"action":"con","nextLevel":3,"close":false,"extra":"{\"invalidInput\":\"\",\"REFFEREDNUMBER\":\"3\",\"ACCESSTOKEN\":\"eyJhbGciOiJIUzI1NiIsInR5cCI6IkpXVCJ9.eyJzdWIiOiJ1c3NkMTM2Njc1Iiwia2V5IjoidXNzZDEzNjY3NSIsInJvbGUiOiIiLCJtb2JpbGUiOiIyNTQ3MjgxNDA1NDQiLCJzZXNzaW9uX2lkIjoiNTRjNWIwOWYtMTZiMS00MWViLWFiYWQtOWM0ZTRhZGIwYWFmIiwiY3VycmVuY3kiOiJLRVMiLCJyZWZlcnJlciI6IjMiLCJpYXQiOjE2MzQwNTA2MzEsImV4cCI6MTYzNDA1NDIzMX0.OTUFcLUkDhdFjNLEuVOAt2TAKJziFImTVbx34ZSYGVM\",\"SESSIONTOKEN\":\"54c5b09f-16b1-41eb-abad-9c4e4adb0aaf\",\"MENU_ITEMS\":\"Welcome to QuickBus.Get 20% off Buses.  Use code \\\"QB2020\\\" at checkout\\nChoose:\\n1.Book One-way\\n2.Book Return\\n3.Cust Services\\n4.Whatsapp\\n5.Refer a friend\\n000.Exit\",\"PREVMSG\":\"Welcome to QuickBus.Get 20% off Buses.  Use code \\\"QB2020\\\" at checkout\\nChoose:\\n1.Book One-way\\n2.Book Return\\n3.Cust Services\\n4.Whatsapp\\n5.Refer a friend\\n000.Exit\"}","ussdMessage":"Welcome to QuickBus.Get 20% off Buses.  Use code \"QB2020\" at checkout\nChoose:\n1.Book One-way\n2.Book Return\n3.Cust Services\n4.Whatsapp\n5.Refer a friend\n000.Exit"}
2021-Oct-12-17:57:14 | C:\xampp\htdocs\QB2\QBTest\shared\utils.php|updateSessionDetails()|420| |--- 254728140544 --- sessionID '23423420034244' updated with sessionHop activity [{"CL":1,"NL":3,"MSG":"Welcome to QuickBus.Get 20% off Buses.  Use code \"QB2020\" at checkout\nChoose:\n1.Book One-way\n2.Book Return\n3.Cust Services\n4.Whatsapp\n5.Refer a friend\n000.Exit","INPUT":"3","CLOSE":false}]
2021-Oct-12-17:57:14 | C:\xampp\htdocs\QB2\QBTest\interfaces\SS\MTN\ussdInterface.php|54| |---  --- the result {"END":false,"USSDMESSAGE":"Welcome to QuickBus.Get 20% off Buses.  Use code \"QB2020\" at checkout\nChoose:\n1.Book One-way\n2.Book Return\n3.Cust Services\n4.Whatsapp\n5.Refer a friend\n000.Exit","SESSIONID":"23423420034244","MSISDN":"254728140544"}
2021-Oct-12-17:57:14 | C:\xampp\htdocs\QB2\QBTest\interfaces\SS\MTN\ussdInterface.php|65| |---  --- got the response s:251:"{"END":false,"USSDMESSAGE":"Welcome to QuickBus.Get 20% off Buses.  Use code \"QB2020\" at checkout\nChoose:\n1.Book One-way\n2.Book Return\n3.Cust Services\n4.Whatsapp\n5.Refer a friend\n000.Exit","SESSIONID":"23423420034244","MSISDN":"254728140544"}"; from URL http://localhost:8000/QB2/QBTest/navigator/ussd_navigator.php?MSISDN=254728140544&SESSIONID=23423420034244&INPUT=3&USSD_CODE=*544#&NETWORK=MTN&IMSI=12312312
2021-Oct-12-17:57:16 | C:\xampp\htdocs\QB2\QBTest\interfaces\SS\MTN\ussdInterface.php|8| |---  --- Params from the network Array
(
    [msisdn] => 254728140544
    [session] => 23423420034244
    [input] => 3
    [imsi] => 12312312
)

2021-Oct-12-17:57:16 | C:\xampp\htdocs\QB2\QBTest\shared\utils.php|getSessionInfo()|142| |--- 254728140544 --- (getSessionInfo) the reponse a:5:{s:6:"status";b:1;s:9:"sessionID";s:14:"23423420034244";s:5:"state";s:6:"EXISTS";s:3:"url";s:49:"http://localhost:8000/QB2/QBTest/public/index.php";s:15:"sessionActivity";s:220:"[{"CL":1,"NL":3,"MSG":"Welcome to QuickBus.Get 20% off Buses.  Use code \"QB2020\" at checkout\nChoose:\n1.Book One-way\n2.Book Return\n3.Cust Services\n4.Whatsapp\n5.Refer a friend\n000.Exit","INPUT":"3","CLOSE":false}]";}
2021-Oct-12-17:57:16 | C:\xampp\htdocs\QB2\QBTest\navigator\ussd_navigator.php|81| |--- 254728140544 --- continuing
2021-Oct-12-17:57:16 | C:\xampp\htdocs\QB2\QBTest\navigator\ussd_navigator.php|88| |--- 254728140544 --- --------------About to invoke url 'http://localhost:8000/QB2/QBTest/public/index.php' for USSD code '*544#' with params a:8:{s:12:"mobileNumber";s:12:"254728140544";s:5:"input";s:1:"3";s:5:"level";s:1:"3";s:5:"extra";s:812:"{"invalidInput":"","REFFEREDNUMBER":"3","ACCESSTOKEN":"eyJhbGciOiJIUzI1NiIsInR5cCI6IkpXVCJ9.eyJzdWIiOiJ1c3NkMTM2Njc1Iiwia2V5IjoidXNzZDEzNjY3NSIsInJvbGUiOiIiLCJtb2JpbGUiOiIyNTQ3MjgxNDA1NDQiLCJzZXNzaW9uX2lkIjoiNTRjNWIwOWYtMTZiMS00MWViLWFiYWQtOWM0ZTRhZGIwYWFmIiwiY3VycmVuY3kiOiJLRVMiLCJyZWZlcnJlciI6IjMiLCJpYXQiOjE2MzQwNTA2MzEsImV4cCI6MTYzNDA1NDIzMX0.OTUFcLUkDhdFjNLEuVOAt2TAKJziFImTVbx34ZSYGVM","SESSIONTOKEN":"54c5b09f-16b1-41eb-abad-9c4e4adb0aaf","MENU_ITEMS":"Welcome to QuickBus.Get 20% off Buses.  Use code \"QB2020\" at checkout\nChoose:\n1.Book One-way\n2.Book Return\n3.Cust Services\n4.Whatsapp\n5.Refer a friend\n000.Exit","PREVMSG":"Welcome to QuickBus.Get 20% off Buses.  Use code \"QB2020\" at checkout\nChoose:\n1.Book One-way\n2.Book Return\n3.Cust Services\n4.Whatsapp\n5.Refer a friend\n000.Exit"}";s:10:"session_id";s:14:"23423420034244";s:6:"opCode";s:8:"CONTINUE";s:7:"network";s:0:"";s:4:"imsi";s:0:"";}
2021-Oct-12-17:57:16 | C:\xampp\htdocs\QB2\QBTest\navigator\ussd_navigator.php|91| |--- 254728140544 --- =============the response recieved is {"action":"con","nextLevel":"3","close":false,"extra":"{\"invalidInput\":\"\",\"REFFEREDNUMBER\":\"3\",\"ACCESSTOKEN\":\"eyJhbGciOiJIUzI1NiIsInR5cCI6IkpXVCJ9.eyJzdWIiOiJ1c3NkMTM2Njc1Iiwia2V5IjoidXNzZDEzNjY3NSIsInJvbGUiOiIiLCJtb2JpbGUiOiIyNTQ3MjgxNDA1NDQiLCJzZXNzaW9uX2lkIjoiNTRjNWIwOWYtMTZiMS00MWViLWFiYWQtOWM0ZTRhZGIwYWFmIiwiY3VycmVuY3kiOiJLRVMiLCJyZWZlcnJlciI6IjMiLCJpYXQiOjE2MzQwNTA2MzEsImV4cCI6MTYzNDA1NDIzMX0.OTUFcLUkDhdFjNLEuVOAt2TAKJziFImTVbx34ZSYGVM\",\"SESSIONTOKEN\":\"54c5b09f-16b1-41eb-abad-9c4e4adb0aaf\",\"MENU_ITEMS\":\"Welcome to QuickBus.Get 20% off Buses.  Use code \\\"QB2020\\\" at checkout\\nChoose:\\n1.Book One-way\\n2.Book Return\\n3.Cust Services\\n4.Whatsapp\\n5.Refer a friend\\n000.Exit\",\"PREVMSG\":\"Welcome to QuickBus.Get 20% off Buses.  Use code \\\"QB2020\\\" at checkout\\nChoose:\\n1.Book One-way\\n2.Book Return\\n3.Cust Services\\n4.Whatsapp\\n5.Refer a friend\\n000.Exit\"}","ussdMessage":null}
2021-Oct-12-17:57:16 | C:\xampp\htdocs\QB2\QBTest\navigator\ussd_navigator.php|98| |--- 254728140544 --- ----> the response recieved ------------->{"action":"con","nextLevel":"3","close":false,"extra":"{\"invalidInput\":\"\",\"REFFEREDNUMBER\":\"3\",\"ACCESSTOKEN\":\"eyJhbGciOiJIUzI1NiIsInR5cCI6IkpXVCJ9.eyJzdWIiOiJ1c3NkMTM2Njc1Iiwia2V5IjoidXNzZDEzNjY3NSIsInJvbGUiOiIiLCJtb2JpbGUiOiIyNTQ3MjgxNDA1NDQiLCJzZXNzaW9uX2lkIjoiNTRjNWIwOWYtMTZiMS00MWViLWFiYWQtOWM0ZTRhZGIwYWFmIiwiY3VycmVuY3kiOiJLRVMiLCJyZWZlcnJlciI6IjMiLCJpYXQiOjE2MzQwNTA2MzEsImV4cCI6MTYzNDA1NDIzMX0.OTUFcLUkDhdFjNLEuVOAt2TAKJziFImTVbx34ZSYGVM\",\"SESSIONTOKEN\":\"54c5b09f-16b1-41eb-abad-9c4e4adb0aaf\",\"MENU_ITEMS\":\"Welcome to QuickBus.Get 20% off Buses.  Use code \\\"QB2020\\\" at checkout\\nChoose:\\n1.Book One-way\\n2.Book Return\\n3.Cust Services\\n4.Whatsapp\\n5.Refer a friend\\n000.Exit\",\"PREVMSG\":\"Welcome to QuickBus.Get 20% off Buses.  Use code \\\"QB2020\\\" at checkout\\nChoose:\\n1.Book One-way\\n2.Book Return\\n3.Cust Services\\n4.Whatsapp\\n5.Refer a friend\\n000.Exit\"}","ussdMessage":null}
2021-Oct-12-17:57:16 | C:\xampp\htdocs\QB2\QBTest\shared\utils.php|updateSessionDetails()|420| |--- 254728140544 --- sessionID '23423420034244' updated with sessionHop activity [{"CL":1,"NL":3,"MSG":"Welcome to QuickBus.Get 20% off Buses.  Use code \"QB2020\" at checkout\nChoose:\n1.Book One-way\n2.Book Return\n3.Cust Services\n4.Whatsapp\n5.Refer a friend\n000.Exit","INPUT":"3","CLOSE":false},{"CL":"3","NL":"3","MSG":"We are unable to complete your request at the moment, Please try again later","INPUT":"3","CLOSE":false}]
2021-Oct-12-17:57:16 | C:\xampp\htdocs\QB2\QBTest\interfaces\SS\MTN\ussdInterface.php|54| |---  --- the result {"END":false,"USSDMESSAGE":"We are unable to complete your request at the moment, Please try again later","SESSIONID":"23423420034244","MSISDN":"254728140544"}
2021-Oct-12-17:57:16 | C:\xampp\htdocs\QB2\QBTest\interfaces\SS\MTN\ussdInterface.php|65| |---  --- got the response s:159:"{"END":false,"USSDMESSAGE":"We are unable to complete your request at the moment, Please try again later","SESSIONID":"23423420034244","MSISDN":"254728140544"}"; from URL http://localhost:8000/QB2/QBTest/navigator/ussd_navigator.php?MSISDN=254728140544&SESSIONID=23423420034244&INPUT=3&USSD_CODE=*544#&NETWORK=MTN&IMSI=12312312
2021-Oct-12-18:12:34 | C:\xampp\htdocs\QB2\QBTest\interfaces\SS\MTN\ussdInterface.php|8| |---  --- Params from the network Array
(
    [msisdn] => 254728140544
    [session] => 2342342003424334
    [input] => 
    [imsi] => 12312312
)

2021-Oct-12-18:12:34 | C:\xampp\htdocs\QB2\QBTest\shared\utils.php|getSessionInfo()|142| |--- 254728140544 --- (getSessionInfo) the reponse a:5:{s:6:"status";b:1;s:9:"sessionID";s:16:"2342342003424334";s:5:"state";s:3:"NEW";s:3:"url";N;s:15:"sessionActivity";N;}
2021-Oct-12-18:12:34 | C:\xampp\htdocs\QB2\QBTest\navigator\ussd_navigator.php|54| |--- 254728140544 --- NEW session
2021-Oct-12-18:12:34 | C:\xampp\htdocs\QB2\QBTest\navigator\ussd_navigator.php|66| |--- 254728140544 --- url to code '*544#' 'http://localhost:8000/QB2/QBTest/public/index.php'
2021-Oct-12-18:12:34 | C:\xampp\htdocs\QB2\QBTest\shared\utils.php|updateSessionURL()|377| |--- 254728140544 --- (updateSessionURL) query == update sessions set url=:url where sessionID=:sessionID and  mobileNumber=:mobileNumber limit 1
2021-Oct-12-18:12:34 | C:\xampp\htdocs\QB2\QBTest\navigator\ussd_navigator.php|88| |--- 254728140544 --- --------------About to invoke url 'http://localhost:8000/QB2/QBTest/public/index.php' for USSD code '*544#' with params a:8:{s:12:"mobileNumber";s:12:"254728140544";s:5:"input";s:0:"";s:5:"level";i:1;s:5:"extra";s:4:"null";s:10:"session_id";s:16:"2342342003424334";s:6:"opCode";s:5:"BEGIN";s:7:"network";s:0:"";s:4:"imsi";s:0:"";}
2021-Oct-12-18:12:34 | C:\xampp\htdocs\QB2\QBTest\navigator\ussd_navigator.php|91| |--- 254728140544 --- =============the response recieved is <br />
<b>Fatal error</b>:  Uncaught Error: Class 'Redis' not found in C:\xampp\htdocs\QB2\QBTest\public\index.php:22
Stack trace:
#0 {main}
  thrown in <b>C:\xampp\htdocs\QB2\QBTest\public\index.php</b> on line <b>22</b><br />

2021-Oct-12-18:12:34 | C:\xampp\htdocs\QB2\QBTest\navigator\ussd_navigator.php|98| |--- 254728140544 --- ----> the response recieved -------------><br />
<b>Fatal error</b>:  Uncaught Error: Class 'Redis' not found in C:\xampp\htdocs\QB2\QBTest\public\index.php:22
Stack trace:
#0 {main}
  thrown in <b>C:\xampp\htdocs\QB2\QBTest\public\index.php</b> on line <b>22</b><br />

2021-Oct-12-18:12:34 | C:\xampp\htdocs\QB2\QBTest\shared\utils.php|updateSessionDetails()|420| |--- 254728140544 --- sessionID '2342342003424334' updated with sessionHop activity [{"CL":1,"NL":0,"MSG":"We are unable to complete your request at the moment, Please try again later","INPUT":"","CLOSE":true}]
2021-Oct-12-18:12:34 | C:\xampp\htdocs\QB2\QBTest\interfaces\SS\MTN\ussdInterface.php|54| |---  --- the result {"END":true,"USSDMESSAGE":"We are unable to complete your request at the moment, Please try again later","SESSIONID":"2342342003424334","MSISDN":"254728140544"}
2021-Oct-12-18:12:34 | C:\xampp\htdocs\QB2\QBTest\interfaces\SS\MTN\ussdInterface.php|65| |---  --- got the response s:160:"{"END":true,"USSDMESSAGE":"We are unable to complete your request at the moment, Please try again later","SESSIONID":"2342342003424334","MSISDN":"254728140544"}"; from URL http://localhost:8000/QB2/QBTest/navigator/ussd_navigator.php?MSISDN=254728140544&SESSIONID=2342342003424334&INPUT=&USSD_CODE=*544#&NETWORK=MTN&IMSI=12312312
2021-Oct-12-18:12:44 | C:\xampp\htdocs\QB2\QBTest\interfaces\SS\MTN\ussdInterface.php|8| |---  --- Params from the network Array
(
    [msisdn] => 254728140544
    [session] => 2342342003424334
    [input] => 
    [imsi] => 12312312
)

2021-Oct-12-18:12:44 | C:\xampp\htdocs\QB2\QBTest\shared\utils.php|getSessionInfo()|142| |--- 254728140544 --- (getSessionInfo) the reponse a:5:{s:6:"status";b:1;s:9:"sessionID";s:16:"2342342003424334";s:5:"state";s:3:"NEW";s:3:"url";N;s:15:"sessionActivity";N;}
2021-Oct-12-18:12:44 | C:\xampp\htdocs\QB2\QBTest\navigator\ussd_navigator.php|54| |--- 254728140544 --- NEW session
2021-Oct-12-18:12:44 | C:\xampp\htdocs\QB2\QBTest\navigator\ussd_navigator.php|66| |--- 254728140544 --- url to code '*544#' 'http://localhost:8000/QB2/QBTest/public/index.php'
2021-Oct-12-18:12:44 | C:\xampp\htdocs\QB2\QBTest\shared\utils.php|updateSessionURL()|377| |--- 254728140544 --- (updateSessionURL) query == update sessions set url=:url where sessionID=:sessionID and  mobileNumber=:mobileNumber limit 1
2021-Oct-12-18:12:44 | C:\xampp\htdocs\QB2\QBTest\navigator\ussd_navigator.php|88| |--- 254728140544 --- --------------About to invoke url 'http://localhost:8000/QB2/QBTest/public/index.php' for USSD code '*544#' with params a:8:{s:12:"mobileNumber";s:12:"254728140544";s:5:"input";s:0:"";s:5:"level";i:1;s:5:"extra";s:4:"null";s:10:"session_id";s:16:"2342342003424334";s:6:"opCode";s:5:"BEGIN";s:7:"network";s:0:"";s:4:"imsi";s:0:"";}
2021-Oct-12-18:12:48 | C:\xampp\htdocs\QB2\QBTest\navigator\ussd_navigator.php|91| |--- 254728140544 --- =============the response recieved is {"action":"con","nextLevel":3,"close":false,"extra":"{\"invalidInput\":\"\",\"REFFEREDNUMBER\":\"\",\"ACCESSTOKEN\":\"eyJhbGciOiJIUzI1NiIsInR5cCI6IkpXVCJ9.eyJzdWIiOiJ1c3NkMTM2Njc1Iiwia2V5IjoidXNzZDEzNjY3NSIsInJvbGUiOiIiLCJtb2JpbGUiOiIyNTQ3MjgxNDA1NDQiLCJzZXNzaW9uX2lkIjoiMjc2YmNmMTYtNGM3Yi00MzUwLWE5MWUtYzJmOGQ1YmJlZDMzIiwiY3VycmVuY3kiOiJLRVMiLCJyZWZlcnJlciI6IiIsImlhdCI6MTYzNDA1MTU2NSwiZXhwIjoxNjM0MDU1MTY1fQ.jN9lAM4URGvCCmRNGH0xXjZ5FgPyTucFMwUkRnBk738\",\"SESSIONTOKEN\":\"276bcf16-4c7b-4350-a91e-c2f8d5bbed33\",\"MENU_ITEMS\":\"Welcome to QuickBus.Get 20% off Buses.  Use code \\\"QB2020\\\" at checkout\\nChoose:\\n1.Book One-way\\n2.Book Return\\n3.Cust Services\\n4.Whatsapp\\n5.Refer a friend\\n000.Exit\",\"PREVMSG\":\"Welcome to QuickBus.Get 20% off Buses.  Use code \\\"QB2020\\\" at checkout\\nChoose:\\n1.Book One-way\\n2.Book Return\\n3.Cust Services\\n4.Whatsapp\\n5.Refer a friend\\n000.Exit\"}","ussdMessage":"Welcome to QuickBus.Get 20% off Buses.  Use code \"QB2020\" at checkout\nChoose:\n1.Book One-way\n2.Book Return\n3.Cust Services\n4.Whatsapp\n5.Refer a friend\n000.Exit"}
2021-Oct-12-18:12:48 | C:\xampp\htdocs\QB2\QBTest\navigator\ussd_navigator.php|98| |--- 254728140544 --- ----> the response recieved ------------->{"action":"con","nextLevel":3,"close":false,"extra":"{\"invalidInput\":\"\",\"REFFEREDNUMBER\":\"\",\"ACCESSTOKEN\":\"eyJhbGciOiJIUzI1NiIsInR5cCI6IkpXVCJ9.eyJzdWIiOiJ1c3NkMTM2Njc1Iiwia2V5IjoidXNzZDEzNjY3NSIsInJvbGUiOiIiLCJtb2JpbGUiOiIyNTQ3MjgxNDA1NDQiLCJzZXNzaW9uX2lkIjoiMjc2YmNmMTYtNGM3Yi00MzUwLWE5MWUtYzJmOGQ1YmJlZDMzIiwiY3VycmVuY3kiOiJLRVMiLCJyZWZlcnJlciI6IiIsImlhdCI6MTYzNDA1MTU2NSwiZXhwIjoxNjM0MDU1MTY1fQ.jN9lAM4URGvCCmRNGH0xXjZ5FgPyTucFMwUkRnBk738\",\"SESSIONTOKEN\":\"276bcf16-4c7b-4350-a91e-c2f8d5bbed33\",\"MENU_ITEMS\":\"Welcome to QuickBus.Get 20% off Buses.  Use code \\\"QB2020\\\" at checkout\\nChoose:\\n1.Book One-way\\n2.Book Return\\n3.Cust Services\\n4.Whatsapp\\n5.Refer a friend\\n000.Exit\",\"PREVMSG\":\"Welcome to QuickBus.Get 20% off Buses.  Use code \\\"QB2020\\\" at checkout\\nChoose:\\n1.Book One-way\\n2.Book Return\\n3.Cust Services\\n4.Whatsapp\\n5.Refer a friend\\n000.Exit\"}","ussdMessage":"Welcome to QuickBus.Get 20% off Buses.  Use code \"QB2020\" at checkout\nChoose:\n1.Book One-way\n2.Book Return\n3.Cust Services\n4.Whatsapp\n5.Refer a friend\n000.Exit"}
2021-Oct-12-18:12:48 | C:\xampp\htdocs\QB2\QBTest\shared\utils.php|updateSessionDetails()|420| |--- 254728140544 --- sessionID '2342342003424334' updated with sessionHop activity [{"CL":1,"NL":3,"MSG":"Welcome to QuickBus.Get 20% off Buses.  Use code \"QB2020\" at checkout\nChoose:\n1.Book One-way\n2.Book Return\n3.Cust Services\n4.Whatsapp\n5.Refer a friend\n000.Exit","INPUT":"","CLOSE":false}]
2021-Oct-12-18:12:48 | C:\xampp\htdocs\QB2\QBTest\interfaces\SS\MTN\ussdInterface.php|54| |---  --- the result {"END":false,"USSDMESSAGE":"Welcome to QuickBus.Get 20% off Buses.  Use code \"QB2020\" at checkout\nChoose:\n1.Book One-way\n2.Book Return\n3.Cust Services\n4.Whatsapp\n5.Refer a friend\n000.Exit","SESSIONID":"2342342003424334","MSISDN":"254728140544"}
2021-Oct-12-18:12:48 | C:\xampp\htdocs\QB2\QBTest\interfaces\SS\MTN\ussdInterface.php|65| |---  --- got the response s:253:"{"END":false,"USSDMESSAGE":"Welcome to QuickBus.Get 20% off Buses.  Use code \"QB2020\" at checkout\nChoose:\n1.Book One-way\n2.Book Return\n3.Cust Services\n4.Whatsapp\n5.Refer a friend\n000.Exit","SESSIONID":"2342342003424334","MSISDN":"254728140544"}"; from URL http://localhost:8000/QB2/QBTest/navigator/ussd_navigator.php?MSISDN=254728140544&SESSIONID=2342342003424334&INPUT=&USSD_CODE=*544#&NETWORK=MTN&IMSI=12312312
2021-Oct-12-18:13:06 | C:\xampp\htdocs\QB2\QBTest\interfaces\SS\MTN\ussdInterface.php|8| |---  --- Params from the network Array
(
    [msisdn] => 254728140544
    [session] => 2342342003424334
    [input] => 1
    [imsi] => 12312312
)

2021-Oct-12-18:13:06 | C:\xampp\htdocs\QB2\QBTest\shared\utils.php|getSessionInfo()|142| |--- 254728140544 --- (getSessionInfo) the reponse a:5:{s:6:"status";b:1;s:9:"sessionID";s:16:"2342342003424334";s:5:"state";s:6:"EXISTS";s:3:"url";N;s:15:"sessionActivity";s:219:"[{"CL":1,"NL":3,"MSG":"Welcome to QuickBus.Get 20% off Buses.  Use code \"QB2020\" at checkout\nChoose:\n1.Book One-way\n2.Book Return\n3.Cust Services\n4.Whatsapp\n5.Refer a friend\n000.Exit","INPUT":"","CLOSE":false}]";}
2021-Oct-12-18:13:06 | C:\xampp\htdocs\QB2\QBTest\navigator\ussd_navigator.php|81| |--- 254728140544 --- continuing
2021-Oct-12-18:13:06 | C:\xampp\htdocs\QB2\QBTest\navigator\ussd_navigator.php|88| |--- 254728140544 --- --------------About to invoke url '' for USSD code '*544#' with params a:8:{s:12:"mobileNumber";s:12:"254728140544";s:5:"input";s:1:"1";s:5:"level";s:1:"3";s:5:"extra";s:810:"{"invalidInput":"","REFFEREDNUMBER":"","ACCESSTOKEN":"eyJhbGciOiJIUzI1NiIsInR5cCI6IkpXVCJ9.eyJzdWIiOiJ1c3NkMTM2Njc1Iiwia2V5IjoidXNzZDEzNjY3NSIsInJvbGUiOiIiLCJtb2JpbGUiOiIyNTQ3MjgxNDA1NDQiLCJzZXNzaW9uX2lkIjoiMjc2YmNmMTYtNGM3Yi00MzUwLWE5MWUtYzJmOGQ1YmJlZDMzIiwiY3VycmVuY3kiOiJLRVMiLCJyZWZlcnJlciI6IiIsImlhdCI6MTYzNDA1MTU2NSwiZXhwIjoxNjM0MDU1MTY1fQ.jN9lAM4URGvCCmRNGH0xXjZ5FgPyTucFMwUkRnBk738","SESSIONTOKEN":"276bcf16-4c7b-4350-a91e-c2f8d5bbed33","MENU_ITEMS":"Welcome to QuickBus.Get 20% off Buses.  Use code \"QB2020\" at checkout\nChoose:\n1.Book One-way\n2.Book Return\n3.Cust Services\n4.Whatsapp\n5.Refer a friend\n000.Exit","PREVMSG":"Welcome to QuickBus.Get 20% off Buses.  Use code \"QB2020\" at checkout\nChoose:\n1.Book One-way\n2.Book Return\n3.Cust Services\n4.Whatsapp\n5.Refer a friend\n000.Exit"}";s:10:"session_id";s:16:"2342342003424334";s:6:"opCode";s:8:"CONTINUE";s:7:"network";s:0:"";s:4:"imsi";s:0:"";}
2021-Oct-12-18:13:06 | C:\xampp\htdocs\QB2\QBTest\shared\utils.php|postPayload()|278| |--- 254728140544 --- (postPayload)error when posting the payload to ussd script '' error  the erro s:0:"";
2021-Oct-12-18:13:06 | C:\xampp\htdocs\QB2\QBTest\navigator\ussd_navigator.php|91| |--- 254728140544 --- =============the response recieved is 
2021-Oct-12-18:13:06 | C:\xampp\htdocs\QB2\QBTest\shared\utils.php|updateSessionDetails()|420| |--- 254728140544 --- sessionID '2342342003424334' updated with sessionHop activity [{"CL":1,"NL":0,"MSG":"{\"END\":true,\"USSDMESSAGE\":\"Sorry, we could not complete your request. Our esteemed engineers are working on this\"}","INPUT":null,"CLOSE":true}]
2021-Oct-12-18:13:06 | C:\xampp\htdocs\QB2\QBTest\interfaces\SS\MTN\ussdInterface.php|54| |---  --- the result {"END":true,"USSDMESSAGE":"Sorry, we could not complete your request. Our esteemed engineers are working on this"}
2021-Oct-12-18:13:06 | C:\xampp\htdocs\QB2\QBTest\interfaces\SS\MTN\ussdInterface.php|65| |---  --- got the response s:114:"{"END":true,"USSDMESSAGE":"Sorry, we could not complete your request. Our esteemed engineers are working on this"}"; from URL http://localhost:8000/QB2/QBTest/navigator/ussd_navigator.php?MSISDN=254728140544&SESSIONID=2342342003424334&INPUT=1&USSD_CODE=*544#&NETWORK=MTN&IMSI=12312312
2021-Oct-12-18:13:10 | C:\xampp\htdocs\QB2\QBTest\interfaces\SS\MTN\ussdInterface.php|8| |---  --- Params from the network Array
(
    [msisdn] => 254728140544
    [session] => 2342342003424334
    [input] => 
    [imsi] => 12312312
)

2021-Oct-12-18:13:10 | C:\xampp\htdocs\QB2\QBTest\shared\utils.php|getSessionInfo()|142| |--- 254728140544 --- (getSessionInfo) the reponse a:5:{s:6:"status";b:1;s:9:"sessionID";s:16:"2342342003424334";s:5:"state";s:6:"EXISTS";s:3:"url";N;s:15:"sessionActivity";s:172:"[{"CL":1,"NL":0,"MSG":"{\"END\":true,\"USSDMESSAGE\":\"Sorry, we could not complete your request. Our esteemed engineers are working on this\"}","INPUT":null,"CLOSE":true}]";}
2021-Oct-12-18:13:10 | C:\xampp\htdocs\QB2\QBTest\navigator\ussd_navigator.php|81| |--- 254728140544 --- continuing
2021-Oct-12-18:13:10 | C:\xampp\htdocs\QB2\QBTest\navigator\ussd_navigator.php|88| |--- 254728140544 --- --------------About to invoke url '' for USSD code '*544#' with params a:8:{s:12:"mobileNumber";s:12:"254728140544";s:5:"input";s:0:"";s:5:"level";s:1:"3";s:5:"extra";s:810:"{"invalidInput":"","REFFEREDNUMBER":"","ACCESSTOKEN":"eyJhbGciOiJIUzI1NiIsInR5cCI6IkpXVCJ9.eyJzdWIiOiJ1c3NkMTM2Njc1Iiwia2V5IjoidXNzZDEzNjY3NSIsInJvbGUiOiIiLCJtb2JpbGUiOiIyNTQ3MjgxNDA1NDQiLCJzZXNzaW9uX2lkIjoiMjc2YmNmMTYtNGM3Yi00MzUwLWE5MWUtYzJmOGQ1YmJlZDMzIiwiY3VycmVuY3kiOiJLRVMiLCJyZWZlcnJlciI6IiIsImlhdCI6MTYzNDA1MTU2NSwiZXhwIjoxNjM0MDU1MTY1fQ.jN9lAM4URGvCCmRNGH0xXjZ5FgPyTucFMwUkRnBk738","SESSIONTOKEN":"276bcf16-4c7b-4350-a91e-c2f8d5bbed33","MENU_ITEMS":"Welcome to QuickBus.Get 20% off Buses.  Use code \"QB2020\" at checkout\nChoose:\n1.Book One-way\n2.Book Return\n3.Cust Services\n4.Whatsapp\n5.Refer a friend\n000.Exit","PREVMSG":"Welcome to QuickBus.Get 20% off Buses.  Use code \"QB2020\" at checkout\nChoose:\n1.Book One-way\n2.Book Return\n3.Cust Services\n4.Whatsapp\n5.Refer a friend\n000.Exit"}";s:10:"session_id";s:16:"2342342003424334";s:6:"opCode";s:8:"CONTINUE";s:7:"network";s:0:"";s:4:"imsi";s:0:"";}
2021-Oct-12-18:13:10 | C:\xampp\htdocs\QB2\QBTest\shared\utils.php|postPayload()|278| |--- 254728140544 --- (postPayload)error when posting the payload to ussd script '' error  the erro s:0:"";
2021-Oct-12-18:13:10 | C:\xampp\htdocs\QB2\QBTest\navigator\ussd_navigator.php|91| |--- 254728140544 --- =============the response recieved is 
2021-Oct-12-18:13:10 | C:\xampp\htdocs\QB2\QBTest\shared\utils.php|updateSessionDetails()|420| |--- 254728140544 --- sessionID '2342342003424334' updated with sessionHop activity [{"CL":1,"NL":0,"MSG":"{\"END\":true,\"USSDMESSAGE\":\"Sorry, we could not complete your request. Our esteemed engineers are working on this\"}","INPUT":null,"CLOSE":true}]
2021-Oct-12-18:13:10 | C:\xampp\htdocs\QB2\QBTest\interfaces\SS\MTN\ussdInterface.php|54| |---  --- the result {"END":true,"USSDMESSAGE":"Sorry, we could not complete your request. Our esteemed engineers are working on this"}
2021-Oct-12-18:13:10 | C:\xampp\htdocs\QB2\QBTest\interfaces\SS\MTN\ussdInterface.php|65| |---  --- got the response s:114:"{"END":true,"USSDMESSAGE":"Sorry, we could not complete your request. Our esteemed engineers are working on this"}"; from URL http://localhost:8000/QB2/QBTest/navigator/ussd_navigator.php?MSISDN=254728140544&SESSIONID=2342342003424334&INPUT=&USSD_CODE=*544#&NETWORK=MTN&IMSI=12312312
2021-Oct-12-18:13:14 | C:\xampp\htdocs\QB2\QBTest\interfaces\SS\MTN\ussdInterface.php|8| |---  --- Params from the network Array
(
    [msisdn] => 254728140544
    [session] => 234234200342411334
    [input] => 
    [imsi] => 12312312
)

2021-Oct-12-18:13:14 | C:\xampp\htdocs\QB2\QBTest\shared\utils.php|getSessionInfo()|142| |--- 254728140544 --- (getSessionInfo) the reponse a:5:{s:6:"status";b:1;s:9:"sessionID";s:18:"234234200342411334";s:5:"state";s:3:"NEW";s:3:"url";N;s:15:"sessionActivity";N;}
2021-Oct-12-18:13:14 | C:\xampp\htdocs\QB2\QBTest\navigator\ussd_navigator.php|54| |--- 254728140544 --- NEW session
2021-Oct-12-18:13:14 | C:\xampp\htdocs\QB2\QBTest\navigator\ussd_navigator.php|66| |--- 254728140544 --- url to code '*544#' 'http://localhost:8000/QB2/QBTest/public/index.php'
2021-Oct-12-18:13:14 | C:\xampp\htdocs\QB2\QBTest\shared\utils.php|updateSessionURL()|377| |--- 254728140544 --- (updateSessionURL) query == update sessions set url=:url where sessionID=:sessionID and  mobileNumber=:mobileNumber limit 1
2021-Oct-12-18:13:14 | C:\xampp\htdocs\QB2\QBTest\navigator\ussd_navigator.php|88| |--- 254728140544 --- --------------About to invoke url 'http://localhost:8000/QB2/QBTest/public/index.php' for USSD code '*544#' with params a:8:{s:12:"mobileNumber";s:12:"254728140544";s:5:"input";s:0:"";s:5:"level";i:1;s:5:"extra";s:4:"null";s:10:"session_id";s:18:"234234200342411334";s:6:"opCode";s:5:"BEGIN";s:7:"network";s:0:"";s:4:"imsi";s:0:"";}
2021-Oct-12-18:13:18 | C:\xampp\htdocs\QB2\QBTest\navigator\ussd_navigator.php|91| |--- 254728140544 --- =============the response recieved is {"action":"con","nextLevel":3,"close":false,"extra":"{\"invalidInput\":\"\",\"REFFEREDNUMBER\":\"\",\"ACCESSTOKEN\":\"eyJhbGciOiJIUzI1NiIsInR5cCI6IkpXVCJ9.eyJzdWIiOiJ1c3NkMTM2Njc1Iiwia2V5IjoidXNzZDEzNjY3NSIsInJvbGUiOiIiLCJtb2JpbGUiOiIyNTQ3MjgxNDA1NDQiLCJzZXNzaW9uX2lkIjoiYzc4NTFkNTYtYmU1Ni00YzliLWFkYzEtZmM5ZTVkMjQ0ZWVjIiwiY3VycmVuY3kiOiJLRVMiLCJyZWZlcnJlciI6IiIsImlhdCI6MTYzNDA1MTU5NSwiZXhwIjoxNjM0MDU1MTk1fQ.S6PrkFBDx7E9Uh8evJbIBpArDRA2HSkwo-FJchE70J4\",\"SESSIONTOKEN\":\"c7851d56-be56-4c9b-adc1-fc9e5d244eec\",\"MENU_ITEMS\":\"Welcome to QuickBus.Get 20% off Buses.  Use code \\\"QB2020\\\" at checkout\\nChoose:\\n1.Book One-way\\n2.Book Return\\n3.Cust Services\\n4.Whatsapp\\n5.Refer a friend\\n000.Exit\",\"PREVMSG\":\"Welcome to QuickBus.Get 20% off Buses.  Use code \\\"QB2020\\\" at checkout\\nChoose:\\n1.Book One-way\\n2.Book Return\\n3.Cust Services\\n4.Whatsapp\\n5.Refer a friend\\n000.Exit\"}","ussdMessage":"Welcome to QuickBus.Get 20% off Buses.  Use code \"QB2020\" at checkout\nChoose:\n1.Book One-way\n2.Book Return\n3.Cust Services\n4.Whatsapp\n5.Refer a friend\n000.Exit"}
2021-Oct-12-18:13:18 | C:\xampp\htdocs\QB2\QBTest\navigator\ussd_navigator.php|98| |--- 254728140544 --- ----> the response recieved ------------->{"action":"con","nextLevel":3,"close":false,"extra":"{\"invalidInput\":\"\",\"REFFEREDNUMBER\":\"\",\"ACCESSTOKEN\":\"eyJhbGciOiJIUzI1NiIsInR5cCI6IkpXVCJ9.eyJzdWIiOiJ1c3NkMTM2Njc1Iiwia2V5IjoidXNzZDEzNjY3NSIsInJvbGUiOiIiLCJtb2JpbGUiOiIyNTQ3MjgxNDA1NDQiLCJzZXNzaW9uX2lkIjoiYzc4NTFkNTYtYmU1Ni00YzliLWFkYzEtZmM5ZTVkMjQ0ZWVjIiwiY3VycmVuY3kiOiJLRVMiLCJyZWZlcnJlciI6IiIsImlhdCI6MTYzNDA1MTU5NSwiZXhwIjoxNjM0MDU1MTk1fQ.S6PrkFBDx7E9Uh8evJbIBpArDRA2HSkwo-FJchE70J4\",\"SESSIONTOKEN\":\"c7851d56-be56-4c9b-adc1-fc9e5d244eec\",\"MENU_ITEMS\":\"Welcome to QuickBus.Get 20% off Buses.  Use code \\\"QB2020\\\" at checkout\\nChoose:\\n1.Book One-way\\n2.Book Return\\n3.Cust Services\\n4.Whatsapp\\n5.Refer a friend\\n000.Exit\",\"PREVMSG\":\"Welcome to QuickBus.Get 20% off Buses.  Use code \\\"QB2020\\\" at checkout\\nChoose:\\n1.Book One-way\\n2.Book Return\\n3.Cust Services\\n4.Whatsapp\\n5.Refer a friend\\n000.Exit\"}","ussdMessage":"Welcome to QuickBus.Get 20% off Buses.  Use code \"QB2020\" at checkout\nChoose:\n1.Book One-way\n2.Book Return\n3.Cust Services\n4.Whatsapp\n5.Refer a friend\n000.Exit"}
2021-Oct-12-18:13:18 | C:\xampp\htdocs\QB2\QBTest\shared\utils.php|updateSessionDetails()|420| |--- 254728140544 --- sessionID '234234200342411334' updated with sessionHop activity [{"CL":1,"NL":3,"MSG":"Welcome to QuickBus.Get 20% off Buses.  Use code \"QB2020\" at checkout\nChoose:\n1.Book One-way\n2.Book Return\n3.Cust Services\n4.Whatsapp\n5.Refer a friend\n000.Exit","INPUT":"","CLOSE":false}]
2021-Oct-12-18:13:18 | C:\xampp\htdocs\QB2\QBTest\interfaces\SS\MTN\ussdInterface.php|54| |---  --- the result {"END":false,"USSDMESSAGE":"Welcome to QuickBus.Get 20% off Buses.  Use code \"QB2020\" at checkout\nChoose:\n1.Book One-way\n2.Book Return\n3.Cust Services\n4.Whatsapp\n5.Refer a friend\n000.Exit","SESSIONID":"234234200342411334","MSISDN":"254728140544"}
2021-Oct-12-18:13:18 | C:\xampp\htdocs\QB2\QBTest\interfaces\SS\MTN\ussdInterface.php|65| |---  --- got the response s:255:"{"END":false,"USSDMESSAGE":"Welcome to QuickBus.Get 20% off Buses.  Use code \"QB2020\" at checkout\nChoose:\n1.Book One-way\n2.Book Return\n3.Cust Services\n4.Whatsapp\n5.Refer a friend\n000.Exit","SESSIONID":"234234200342411334","MSISDN":"254728140544"}"; from URL http://localhost:8000/QB2/QBTest/navigator/ussd_navigator.php?MSISDN=254728140544&SESSIONID=234234200342411334&INPUT=&USSD_CODE=*544#&NETWORK=MTN&IMSI=12312312
2021-Oct-12-18:13:22 | C:\xampp\htdocs\QB2\QBTest\interfaces\SS\MTN\ussdInterface.php|8| |---  --- Params from the network Array
(
    [msisdn] => 254728140544
    [session] => 234234200342411334
    [input] => 1
    [imsi] => 12312312
)

2021-Oct-12-18:13:22 | C:\xampp\htdocs\QB2\QBTest\shared\utils.php|getSessionInfo()|142| |--- 254728140544 --- (getSessionInfo) the reponse a:5:{s:6:"status";b:1;s:9:"sessionID";s:18:"234234200342411334";s:5:"state";s:6:"EXISTS";s:3:"url";s:49:"http://localhost:8000/QB2/QBTest/public/index.php";s:15:"sessionActivity";s:219:"[{"CL":1,"NL":3,"MSG":"Welcome to QuickBus.Get 20% off Buses.  Use code \"QB2020\" at checkout\nChoose:\n1.Book One-way\n2.Book Return\n3.Cust Services\n4.Whatsapp\n5.Refer a friend\n000.Exit","INPUT":"","CLOSE":false}]";}
2021-Oct-12-18:13:23 | C:\xampp\htdocs\QB2\QBTest\navigator\ussd_navigator.php|81| |--- 254728140544 --- continuing
2021-Oct-12-18:13:23 | C:\xampp\htdocs\QB2\QBTest\navigator\ussd_navigator.php|88| |--- 254728140544 --- --------------About to invoke url 'http://localhost:8000/QB2/QBTest/public/index.php' for USSD code '*544#' with params a:8:{s:12:"mobileNumber";s:12:"254728140544";s:5:"input";s:1:"1";s:5:"level";s:1:"3";s:5:"extra";s:810:"{"invalidInput":"","REFFEREDNUMBER":"","ACCESSTOKEN":"eyJhbGciOiJIUzI1NiIsInR5cCI6IkpXVCJ9.eyJzdWIiOiJ1c3NkMTM2Njc1Iiwia2V5IjoidXNzZDEzNjY3NSIsInJvbGUiOiIiLCJtb2JpbGUiOiIyNTQ3MjgxNDA1NDQiLCJzZXNzaW9uX2lkIjoiYzc4NTFkNTYtYmU1Ni00YzliLWFkYzEtZmM5ZTVkMjQ0ZWVjIiwiY3VycmVuY3kiOiJLRVMiLCJyZWZlcnJlciI6IiIsImlhdCI6MTYzNDA1MTU5NSwiZXhwIjoxNjM0MDU1MTk1fQ.S6PrkFBDx7E9Uh8evJbIBpArDRA2HSkwo-FJchE70J4","SESSIONTOKEN":"c7851d56-be56-4c9b-adc1-fc9e5d244eec","MENU_ITEMS":"Welcome to QuickBus.Get 20% off Buses.  Use code \"QB2020\" at checkout\nChoose:\n1.Book One-way\n2.Book Return\n3.Cust Services\n4.Whatsapp\n5.Refer a friend\n000.Exit","PREVMSG":"Welcome to QuickBus.Get 20% off Buses.  Use code \"QB2020\" at checkout\nChoose:\n1.Book One-way\n2.Book Return\n3.Cust Services\n4.Whatsapp\n5.Refer a friend\n000.Exit"}";s:10:"session_id";s:18:"234234200342411334";s:6:"opCode";s:8:"CONTINUE";s:7:"network";s:0:"";s:4:"imsi";s:0:"";}
2021-Oct-12-18:13:23 | C:\xampp\htdocs\QB2\QBTest\navigator\ussd_navigator.php|91| |--- 254728140544 --- =============the response recieved is {"action":"con","nextLevel":102,"close":false,"extra":"{\"invalidInput\":\"\",\"REFFEREDNUMBER\":\"\",\"ACCESSTOKEN\":\"eyJhbGciOiJIUzI1NiIsInR5cCI6IkpXVCJ9.eyJzdWIiOiJ1c3NkMTM2Njc1Iiwia2V5IjoidXNzZDEzNjY3NSIsInJvbGUiOiIiLCJtb2JpbGUiOiIyNTQ3MjgxNDA1NDQiLCJzZXNzaW9uX2lkIjoiYzc4NTFkNTYtYmU1Ni00YzliLWFkYzEtZmM5ZTVkMjQ0ZWVjIiwiY3VycmVuY3kiOiJLRVMiLCJyZWZlcnJlciI6IiIsImlhdCI6MTYzNDA1MTU5NSwiZXhwIjoxNjM0MDU1MTk1fQ.S6PrkFBDx7E9Uh8evJbIBpArDRA2HSkwo-FJchE70J4\",\"SESSIONTOKEN\":\"c7851d56-be56-4c9b-adc1-fc9e5d244eec\",\"MENU_ITEMS\":\"Welcome to QuickBus.Get 20% off Buses.  Use code \\\"QB2020\\\" at checkout\\nChoose:\\n1.Book One-way\\n2.Book Return\\n3.Cust Services\\n4.Whatsapp\\n5.Refer a friend\\n000.Exit\",\"PREVMSG\":\" Choose city you are travelling from or type name\\n1 Bomet\\r\\n2 Kampala\\r\\n3 Kisii\\r\\n4 Mombasa\\r\\n5 Nairobi\\r\\n00. Return to menu\",\"SOURCES\":\"Bomet,Kampala,Kisii,Mombasa,Nairobi\",\"SOURCESID\":\"2350,3,117,22,1\",\"CURRENTINDEX\":6}","ussdMessage":" Choose city you are travelling from or type name\n1 Bomet\r\n2 Kampala\r\n3 Kisii\r\n4 Mombasa\r\n5 Nairobi\r\n00. Return to menu"}
2021-Oct-12-18:13:23 | C:\xampp\htdocs\QB2\QBTest\navigator\ussd_navigator.php|98| |--- 254728140544 --- ----> the response recieved ------------->{"action":"con","nextLevel":102,"close":false,"extra":"{\"invalidInput\":\"\",\"REFFEREDNUMBER\":\"\",\"ACCESSTOKEN\":\"eyJhbGciOiJIUzI1NiIsInR5cCI6IkpXVCJ9.eyJzdWIiOiJ1c3NkMTM2Njc1Iiwia2V5IjoidXNzZDEzNjY3NSIsInJvbGUiOiIiLCJtb2JpbGUiOiIyNTQ3MjgxNDA1NDQiLCJzZXNzaW9uX2lkIjoiYzc4NTFkNTYtYmU1Ni00YzliLWFkYzEtZmM5ZTVkMjQ0ZWVjIiwiY3VycmVuY3kiOiJLRVMiLCJyZWZlcnJlciI6IiIsImlhdCI6MTYzNDA1MTU5NSwiZXhwIjoxNjM0MDU1MTk1fQ.S6PrkFBDx7E9Uh8evJbIBpArDRA2HSkwo-FJchE70J4\",\"SESSIONTOKEN\":\"c7851d56-be56-4c9b-adc1-fc9e5d244eec\",\"MENU_ITEMS\":\"Welcome to QuickBus.Get 20% off Buses.  Use code \\\"QB2020\\\" at checkout\\nChoose:\\n1.Book One-way\\n2.Book Return\\n3.Cust Services\\n4.Whatsapp\\n5.Refer a friend\\n000.Exit\",\"PREVMSG\":\" Choose city you are travelling from or type name\\n1 Bomet\\r\\n2 Kampala\\r\\n3 Kisii\\r\\n4 Mombasa\\r\\n5 Nairobi\\r\\n00. Return to menu\",\"SOURCES\":\"Bomet,Kampala,Kisii,Mombasa,Nairobi\",\"SOURCESID\":\"2350,3,117,22,1\",\"CURRENTINDEX\":6}","ussdMessage":" Choose city you are travelling from or type name\n1 Bomet\r\n2 Kampala\r\n3 Kisii\r\n4 Mombasa\r\n5 Nairobi\r\n00. Return to menu"}
2021-Oct-12-18:13:23 | C:\xampp\htdocs\QB2\QBTest\shared\utils.php|updateSessionDetails()|420| |--- 254728140544 --- sessionID '234234200342411334' updated with sessionHop activity [{"CL":1,"NL":3,"MSG":"Welcome to QuickBus.Get 20% off Buses.  Use code \"QB2020\" at checkout\nChoose:\n1.Book One-way\n2.Book Return\n3.Cust Services\n4.Whatsapp\n5.Refer a friend\n000.Exit","INPUT":"","CLOSE":false},{"CL":"3","NL":102,"MSG":" Choose city you are travelling from or type name\n1 Bomet\r\n2 Kampala\r\n3 Kisii\r\n4 Mombasa\r\n5 Nairobi\r\n00. Return to menu","INPUT":"1","CLOSE":false}]
2021-Oct-12-18:13:23 | C:\xampp\htdocs\QB2\QBTest\interfaces\SS\MTN\ussdInterface.php|54| |---  --- the result {"END":false,"USSDMESSAGE":" Choose city you are travelling from or type name\n1 Bomet\r\n2 Kampala\r\n3 Kisii\r\n4 Mombasa\r\n5 Nairobi\r\n00. Return to menu","SESSIONID":"234234200342411334","MSISDN":"254728140544"}
2021-Oct-12-18:13:23 | C:\xampp\htdocs\QB2\QBTest\interfaces\SS\MTN\ussdInterface.php|65| |---  --- got the response s:217:"{"END":false,"USSDMESSAGE":" Choose city you are travelling from or type name\n1 Bomet\r\n2 Kampala\r\n3 Kisii\r\n4 Mombasa\r\n5 Nairobi\r\n00. Return to menu","SESSIONID":"234234200342411334","MSISDN":"254728140544"}"; from URL http://localhost:8000/QB2/QBTest/navigator/ussd_navigator.php?MSISDN=254728140544&SESSIONID=234234200342411334&INPUT=1&USSD_CODE=*544#&NETWORK=MTN&IMSI=12312312
